<!DOCTYPE html>
<html>
<head>
<meta http-equiv="Content-Type" content="text/html; charset=utf-8"/>
<meta http-equiv="x-ua-compatible" content="IE=edge"/>
<title>Test results - Class com.dotcms.contenttype.test.ContentResourceTest</title>
<link href="../css/base-style.css" rel="stylesheet" type="text/css"/>
<link href="../css/style.css" rel="stylesheet" type="text/css"/>
<script src="../js/report.js" type="text/javascript"></script>
</head>
<body>
<div id="content">
<h1>Class com.dotcms.contenttype.test.ContentResourceTest</h1>
<div class="breadcrumbs">
<a href="../index.html">all</a> &gt; 
<a href="../packages/com.dotcms.contenttype.test.html">com.dotcms.contenttype.test</a> &gt; ContentResourceTest</div>
<div id="summary">
<table>
<tr>
<td>
<div class="summaryGroup">
<table>
<tr>
<td>
<div class="infoBox" id="tests">
<div class="counter">50</div>
<p>tests</p>
</div>
</td>
<td>
<div class="infoBox" id="failures">
<div class="counter">6</div>
<p>failures</p>
</div>
</td>
<td>
<div class="infoBox" id="ignored">
<div class="counter">0</div>
<p>ignored</p>
</div>
</td>
<td>
<div class="infoBox" id="duration">
<div class="counter">1m38.09s</div>
<p>duration</p>
</div>
</td>
</tr>
</table>
</div>
</td>
<td>
<div class="infoBox failures" id="successRate">
<div class="percent">88%</div>
<p>successful</p>
</div>
</td>
</tr>
</table>
</div>
<div id="tabs">
<ul class="tabLinks">
<li>
<a href="#tab0">Failed tests</a>
</li>
<li>
<a href="#tab1">Tests</a>
</li>
<li>
<a href="#tab2">Standard output</a>
</li>
</ul>
<div id="tab0" class="tab">
<h2>Failed tests</h2>
<div class="test">
<a name="Test_Save_Action_Remove_Image_Then_Verify_Fields_Were_Cleared_Issue_15340"></a>
<h3 class="failures">Test_Save_Action_Remove_Image_Then_Verify_Fields_Were_Cleared_Issue_15340</h3>
<span class="code">
<pre>com.dotcms.exception.BaseRuntimeInternationalizationException: com.dotmarketing.exception.DotDataException: ORA-00933: SQL command not properly ended
{
  &quot;SQL&quot;: [&quot;select contentlet.*, inode.owner from contentlet, contentlet_version_info as contentletvi, inode where structure_inode = '9cf4230d-c4fd-4ab5-bc48-5048172e90b5'  and contentletvi.identifier=contentlet.identifier  and contentletvi.working_inode=contentlet.inode  and contentlet.inode = inode.inode&quot;],
  &quot;maxRows&quot;: [200],
  &quot;offest&quot;: [0]
}
	at com.dotcms.contenttype.business.ContentTypeAPIImpl.delete_aroundBody0(ContentTypeAPIImpl.java:88)
	at com.dotcms.contenttype.business.ContentTypeAPIImpl$AjcClosure1.run(ContentTypeAPIImpl.java:1)
	at org.aspectj.runtime.reflect.JoinPointImpl.proceed(JoinPointImpl.java:149)
	at com.dotcms.aspects.aspectj.AspectJDelegateMethodInvocation.proceed(AspectJDelegateMethodInvocation.java:42)
	at com.dotmarketing.db.LocalTransaction.wrapReturnWithListeners(LocalTransaction.java:59)
	at com.dotcms.aspects.interceptors.WrapInTransactionMethodInterceptor.invoke(WrapInTransactionMethodInterceptor.java:23)
	at com.dotcms.aspects.aspectj.WrapInTransactionAspect.invoke(WrapInTransactionAspect.java:41)
	at com.dotcms.contenttype.business.ContentTypeAPIImpl.delete(ContentTypeAPIImpl.java:81)
	at com.dotcms.contenttype.test.ContentResourceTest.Test_Save_Action_Remove_Image_Then_Verify_Fields_Were_Cleared_Issue_15340(ContentResourceTest.java:1167)
	at sun.reflect.NativeMethodAccessorImpl.invoke0(Native Method)
	at sun.reflect.NativeMethodAccessorImpl.invoke(NativeMethodAccessorImpl.java:62)
	at sun.reflect.DelegatingMethodAccessorImpl.invoke(DelegatingMethodAccessorImpl.java:43)
	at java.lang.reflect.Method.invoke(Method.java:498)
	at org.junit.runners.model.FrameworkMethod$1.runReflectiveCall(FrameworkMethod.java:50)
	at org.junit.internal.runners.model.ReflectiveCallable.run(ReflectiveCallable.java:12)
	at org.junit.runners.model.FrameworkMethod.invokeExplosively(FrameworkMethod.java:47)
	at org.junit.internal.runners.statements.InvokeMethod.evaluate(InvokeMethod.java:17)
	at org.junit.internal.runners.statements.RunBefores.evaluate(RunBefores.java:26)
	at org.junit.internal.runners.statements.RunAfters.evaluate(RunAfters.java:27)
	at org.junit.rules.TestWatcher$1.evaluate(TestWatcher.java:55)
	at org.junit.rules.RunRules.evaluate(RunRules.java:20)
	at org.junit.runners.ParentRunner.runLeaf(ParentRunner.java:325)
	at com.dotcms.junit.CustomDataProviderRunner.runChild(CustomDataProviderRunner.java:28)
	at com.dotcms.junit.CustomDataProviderRunner.runChild(CustomDataProviderRunner.java:13)
	at org.junit.runners.ParentRunner$3.run(ParentRunner.java:290)
	at org.junit.runners.ParentRunner$1.schedule(ParentRunner.java:71)
	at org.junit.runners.ParentRunner.runChildren(ParentRunner.java:288)
	at org.junit.runners.ParentRunner.access$000(ParentRunner.java:58)
	at org.junit.runners.ParentRunner$2.evaluate(ParentRunner.java:268)
	at org.junit.internal.runners.statements.RunBefores.evaluate(RunBefores.java:26)
	at org.junit.internal.runners.statements.RunAfters.evaluate(RunAfters.java:27)
	at org.junit.runners.ParentRunner.run(ParentRunner.java:363)
	at org.junit.runners.Suite.runChild(Suite.java:128)
	at org.junit.runners.Suite.runChild(Suite.java:27)
	at org.junit.runners.ParentRunner$3.run(ParentRunner.java:290)
	at org.junit.runners.ParentRunner$1.schedule(ParentRunner.java:71)
	at org.junit.runners.ParentRunner.runChildren(ParentRunner.java:288)
	at org.junit.runners.ParentRunner.access$000(ParentRunner.java:58)
	at org.junit.runners.ParentRunner$2.evaluate(ParentRunner.java:268)
	at org.junit.runners.ParentRunner.run(ParentRunner.java:363)
	at org.gradle.api.internal.tasks.testing.junit.JUnitTestClassExecuter.runTestClass(JUnitTestClassExecuter.java:114)
	at org.gradle.api.internal.tasks.testing.junit.JUnitTestClassExecuter.execute(JUnitTestClassExecuter.java:57)
	at org.gradle.api.internal.tasks.testing.junit.JUnitTestClassProcessor.processTestClass(JUnitTestClassProcessor.java:66)
	at org.gradle.api.internal.tasks.testing.SuiteTestClassProcessor.processTestClass(SuiteTestClassProcessor.java:51)
	at sun.reflect.NativeMethodAccessorImpl.invoke0(Native Method)
	at sun.reflect.NativeMethodAccessorImpl.invoke(NativeMethodAccessorImpl.java:62)
	at sun.reflect.DelegatingMethodAccessorImpl.invoke(DelegatingMethodAccessorImpl.java:43)
	at java.lang.reflect.Method.invoke(Method.java:498)
	at org.gradle.internal.dispatch.ReflectionDispatch.dispatch(ReflectionDispatch.java:35)
	at org.gradle.internal.dispatch.ReflectionDispatch.dispatch(ReflectionDispatch.java:24)
	at org.gradle.internal.dispatch.ContextClassLoaderDispatch.dispatch(ContextClassLoaderDispatch.java:32)
	at org.gradle.internal.dispatch.ProxyDispatchAdapter$DispatchingInvocationHandler.invoke(ProxyDispatchAdapter.java:93)
	at com.sun.proxy.$Proxy1.processTestClass(Unknown Source)
	at org.gradle.api.internal.tasks.testing.worker.TestWorker.processTestClass(TestWorker.java:108)
	at sun.reflect.NativeMethodAccessorImpl.invoke0(Native Method)
	at sun.reflect.NativeMethodAccessorImpl.invoke(NativeMethodAccessorImpl.java:62)
	at sun.reflect.DelegatingMethodAccessorImpl.invoke(DelegatingMethodAccessorImpl.java:43)
	at java.lang.reflect.Method.invoke(Method.java:498)
	at org.gradle.internal.dispatch.ReflectionDispatch.dispatch(ReflectionDispatch.java:35)
	at org.gradle.internal.dispatch.ReflectionDispatch.dispatch(ReflectionDispatch.java:24)
	at org.gradle.internal.remote.internal.hub.MessageHubBackedObjectConnection$DispatchWrapper.dispatch(MessageHubBackedObjectConnection.java:146)
	at org.gradle.internal.remote.internal.hub.MessageHubBackedObjectConnection$DispatchWrapper.dispatch(MessageHubBackedObjectConnection.java:128)
	at org.gradle.internal.remote.internal.hub.MessageHub$Handler.run(MessageHub.java:404)
	at org.gradle.internal.concurrent.ExecutorPolicy$CatchAndRecordFailures.onExecute(ExecutorPolicy.java:63)
	at org.gradle.internal.concurrent.ManagedExecutorImpl$1.run(ManagedExecutorImpl.java:46)
	at java.util.concurrent.ThreadPoolExecutor.runWorker(ThreadPoolExecutor.java:1149)
	at java.util.concurrent.ThreadPoolExecutor$Worker.run(ThreadPoolExecutor.java:624)
	at org.gradle.internal.concurrent.ThreadFactoryImpl$ManagedThreadRunnable.run(ThreadFactoryImpl.java:55)
	at java.lang.Thread.run(Thread.java:748)
Caused by: com.dotmarketing.exception.DotDataException: ORA-00933: SQL command not properly ended
{
  &quot;SQL&quot;: [&quot;select contentlet.*, inode.owner from contentlet, contentlet_version_info as contentletvi, inode where structure_inode = '9cf4230d-c4fd-4ab5-bc48-5048172e90b5'  and contentletvi.identifier=contentlet.identifier  and contentletvi.working_inode=contentlet.inode  and contentlet.inode = inode.inode&quot;],
  &quot;maxRows&quot;: [200],
  &quot;offest&quot;: [0]
}
	at com.dotmarketing.common.db.DotConnect.loadResult(DotConnect.java:273)
	at com.dotmarketing.common.db.DotConnect.loadObjectResults(DotConnect.java:925)
	at com.dotcms.content.elasticsearch.business.ESContentFactoryImpl.findByStructure(ESContentFactoryImpl.java:1028)
	at com.dotcms.content.elasticsearch.business.ESContentFactoryImpl.findByStructure(ESContentFactoryImpl.java:984)
	at com.dotcms.content.elasticsearch.business.ESContentletAPIImpl.findByStructure_aroundBody8(ESContentletAPIImpl.java:359)
	at com.dotcms.content.elasticsearch.business.ESContentletAPIImpl$AjcClosure9.run(ESContentletAPIImpl.java:1)
	at org.aspectj.runtime.reflect.JoinPointImpl.proceed(JoinPointImpl.java:149)
	at com.dotcms.aspects.aspectj.AspectJDelegateMethodInvocation.proceed(AspectJDelegateMethodInvocation.java:42)
	at com.dotcms.aspects.interceptors.CloseDBIfOpenedMethodInterceptor.invoke(CloseDBIfOpenedMethodInterceptor.java:29)
	at com.dotcms.aspects.aspectj.CloseDBIfOpenedAspect.invoke(CloseDBIfOpenedAspect.java:41)
	at com.dotcms.content.elasticsearch.business.ESContentletAPIImpl.findByStructure(ESContentletAPIImpl.java:358)
	at com.dotmarketing.portlets.contentlet.business.ContentletAPIInterceptor.findByStructure(ContentletAPIInterceptor.java:816)
	at com.dotcms.contenttype.business.ContentTypeFactoryImpl.deleteContentletsByType(ContentTypeFactoryImpl.java:629)
	at com.dotcms.contenttype.business.ContentTypeFactoryImpl.dbDelete(ContentTypeFactoryImpl.java:520)
	at com.dotcms.contenttype.business.ContentTypeFactoryImpl.delete(ContentTypeFactoryImpl.java:130)
	at com.dotcms.contenttype.business.ContentTypeAPIImpl.delete_aroundBody0(ContentTypeAPIImpl.java:85)
	... 68 more
Caused by: java.sql.SQLSyntaxErrorException: ORA-00933: SQL command not properly ended

	at oracle.jdbc.driver.T4CTTIoer11.processError(T4CTTIoer11.java:509)
	at oracle.jdbc.driver.T4CTTIoer11.processError(T4CTTIoer11.java:461)
	at oracle.jdbc.driver.T4C8Oall.processError(T4C8Oall.java:1104)
	at oracle.jdbc.driver.T4CTTIfun.receive(T4CTTIfun.java:550)
	at oracle.jdbc.driver.T4CTTIfun.doRPC(T4CTTIfun.java:268)
	at oracle.jdbc.driver.T4C8Oall.doOALL(T4C8Oall.java:655)
	at oracle.jdbc.driver.T4CStatement.doOall8(T4CStatement.java:229)
	at oracle.jdbc.driver.T4CStatement.doOall8(T4CStatement.java:41)
	at oracle.jdbc.driver.T4CStatement.executeForDescribe(T4CStatement.java:765)
	at oracle.jdbc.driver.OracleStatement.executeMaybeDescribe(OracleStatement.java:983)
	at oracle.jdbc.driver.OracleStatement.doExecuteWithTimeout(OracleStatement.java:1168)
	at oracle.jdbc.driver.OracleStatement.executeQuery(OracleStatement.java:1362)
	at oracle.jdbc.driver.OracleStatementWrapper.executeQuery(OracleStatementWrapper.java:369)
	at com.zaxxer.hikari.pool.ProxyStatement.executeQuery(ProxyStatement.java:111)
	at com.zaxxer.hikari.pool.HikariProxyStatement.executeQuery(HikariProxyStatement.java)
	at com.dotmarketing.common.db.DotConnect.executeQuery(DotConnect.java:646)
	at com.dotmarketing.common.db.DotConnect.executeQuery(DotConnect.java:532)
	at com.dotmarketing.common.db.DotConnect.loadResult(DotConnect.java:271)
	... 83 more
Caused by: Error : 933, Position : 74, Sql = select contentlet.*, inode.owner from contentlet, contentlet_version_info as contentletvi, inode where structure_inode = '9cf4230d-c4fd-4ab5-bc48-5048172e90b5'  and contentletvi.identifier=contentlet.identifier  and contentletvi.working_inode=contentlet.inode  and contentlet.inode = inode.inode, OriginalSql = select contentlet.*, inode.owner from contentlet, contentlet_version_info as contentletvi, inode where structure_inode = '9cf4230d-c4fd-4ab5-bc48-5048172e90b5'  and contentletvi.identifier=contentlet.identifier  and contentletvi.working_inode=contentlet.inode  and contentlet.inode = inode.inode, Error Msg = ORA-00933: SQL command not properly ended

	at oracle.jdbc.driver.T4CTTIoer11.processError(T4CTTIoer11.java:513)
	... 100 more
</pre>
</span>
</div>
<div class="test">
<a name="Test_Save_Action_Send_Fields_SubSet_Issue_15340"></a>
<h3 class="failures">Test_Save_Action_Send_Fields_SubSet_Issue_15340</h3>
<span class="code">
<pre>com.dotcms.exception.BaseRuntimeInternationalizationException: com.dotmarketing.exception.DotDataException: ORA-00933: SQL command not properly ended
{
  &quot;SQL&quot;: [&quot;select contentlet.*, inode.owner from contentlet, contentlet_version_info as contentletvi, inode where structure_inode = '3831dbce-e1c1-44cb-9913-d3e01a801fe6'  and contentletvi.identifier=contentlet.identifier  and contentletvi.working_inode=contentlet.inode  and contentlet.inode = inode.inode&quot;],
  &quot;maxRows&quot;: [200],
  &quot;offest&quot;: [0]
}
	at com.dotcms.contenttype.business.ContentTypeAPIImpl.delete_aroundBody0(ContentTypeAPIImpl.java:88)
	at com.dotcms.contenttype.business.ContentTypeAPIImpl$AjcClosure1.run(ContentTypeAPIImpl.java:1)
	at org.aspectj.runtime.reflect.JoinPointImpl.proceed(JoinPointImpl.java:149)
	at com.dotcms.aspects.aspectj.AspectJDelegateMethodInvocation.proceed(AspectJDelegateMethodInvocation.java:42)
	at com.dotmarketing.db.LocalTransaction.wrapReturnWithListeners(LocalTransaction.java:59)
	at com.dotcms.aspects.interceptors.WrapInTransactionMethodInterceptor.invoke(WrapInTransactionMethodInterceptor.java:23)
	at com.dotcms.aspects.aspectj.WrapInTransactionAspect.invoke(WrapInTransactionAspect.java:41)
	at com.dotcms.contenttype.business.ContentTypeAPIImpl.delete(ContentTypeAPIImpl.java:81)
	at com.dotcms.contenttype.test.ContentResourceTest.Test_Save_Action_Send_Fields_SubSet_Issue_15340(ContentResourceTest.java:1218)
	at sun.reflect.NativeMethodAccessorImpl.invoke0(Native Method)
	at sun.reflect.NativeMethodAccessorImpl.invoke(NativeMethodAccessorImpl.java:62)
	at sun.reflect.DelegatingMethodAccessorImpl.invoke(DelegatingMethodAccessorImpl.java:43)
	at java.lang.reflect.Method.invoke(Method.java:498)
	at org.junit.runners.model.FrameworkMethod$1.runReflectiveCall(FrameworkMethod.java:50)
	at org.junit.internal.runners.model.ReflectiveCallable.run(ReflectiveCallable.java:12)
	at org.junit.runners.model.FrameworkMethod.invokeExplosively(FrameworkMethod.java:47)
	at org.junit.internal.runners.statements.InvokeMethod.evaluate(InvokeMethod.java:17)
	at org.junit.internal.runners.statements.RunBefores.evaluate(RunBefores.java:26)
	at org.junit.internal.runners.statements.RunAfters.evaluate(RunAfters.java:27)
	at org.junit.rules.TestWatcher$1.evaluate(TestWatcher.java:55)
	at org.junit.rules.RunRules.evaluate(RunRules.java:20)
	at org.junit.runners.ParentRunner.runLeaf(ParentRunner.java:325)
	at com.dotcms.junit.CustomDataProviderRunner.runChild(CustomDataProviderRunner.java:28)
	at com.dotcms.junit.CustomDataProviderRunner.runChild(CustomDataProviderRunner.java:13)
	at org.junit.runners.ParentRunner$3.run(ParentRunner.java:290)
	at org.junit.runners.ParentRunner$1.schedule(ParentRunner.java:71)
	at org.junit.runners.ParentRunner.runChildren(ParentRunner.java:288)
	at org.junit.runners.ParentRunner.access$000(ParentRunner.java:58)
	at org.junit.runners.ParentRunner$2.evaluate(ParentRunner.java:268)
	at org.junit.internal.runners.statements.RunBefores.evaluate(RunBefores.java:26)
	at org.junit.internal.runners.statements.RunAfters.evaluate(RunAfters.java:27)
	at org.junit.runners.ParentRunner.run(ParentRunner.java:363)
	at org.junit.runners.Suite.runChild(Suite.java:128)
	at org.junit.runners.Suite.runChild(Suite.java:27)
	at org.junit.runners.ParentRunner$3.run(ParentRunner.java:290)
	at org.junit.runners.ParentRunner$1.schedule(ParentRunner.java:71)
	at org.junit.runners.ParentRunner.runChildren(ParentRunner.java:288)
	at org.junit.runners.ParentRunner.access$000(ParentRunner.java:58)
	at org.junit.runners.ParentRunner$2.evaluate(ParentRunner.java:268)
	at org.junit.runners.ParentRunner.run(ParentRunner.java:363)
	at org.gradle.api.internal.tasks.testing.junit.JUnitTestClassExecuter.runTestClass(JUnitTestClassExecuter.java:114)
	at org.gradle.api.internal.tasks.testing.junit.JUnitTestClassExecuter.execute(JUnitTestClassExecuter.java:57)
	at org.gradle.api.internal.tasks.testing.junit.JUnitTestClassProcessor.processTestClass(JUnitTestClassProcessor.java:66)
	at org.gradle.api.internal.tasks.testing.SuiteTestClassProcessor.processTestClass(SuiteTestClassProcessor.java:51)
	at sun.reflect.NativeMethodAccessorImpl.invoke0(Native Method)
	at sun.reflect.NativeMethodAccessorImpl.invoke(NativeMethodAccessorImpl.java:62)
	at sun.reflect.DelegatingMethodAccessorImpl.invoke(DelegatingMethodAccessorImpl.java:43)
	at java.lang.reflect.Method.invoke(Method.java:498)
	at org.gradle.internal.dispatch.ReflectionDispatch.dispatch(ReflectionDispatch.java:35)
	at org.gradle.internal.dispatch.ReflectionDispatch.dispatch(ReflectionDispatch.java:24)
	at org.gradle.internal.dispatch.ContextClassLoaderDispatch.dispatch(ContextClassLoaderDispatch.java:32)
	at org.gradle.internal.dispatch.ProxyDispatchAdapter$DispatchingInvocationHandler.invoke(ProxyDispatchAdapter.java:93)
	at com.sun.proxy.$Proxy1.processTestClass(Unknown Source)
	at org.gradle.api.internal.tasks.testing.worker.TestWorker.processTestClass(TestWorker.java:108)
	at sun.reflect.NativeMethodAccessorImpl.invoke0(Native Method)
	at sun.reflect.NativeMethodAccessorImpl.invoke(NativeMethodAccessorImpl.java:62)
	at sun.reflect.DelegatingMethodAccessorImpl.invoke(DelegatingMethodAccessorImpl.java:43)
	at java.lang.reflect.Method.invoke(Method.java:498)
	at org.gradle.internal.dispatch.ReflectionDispatch.dispatch(ReflectionDispatch.java:35)
	at org.gradle.internal.dispatch.ReflectionDispatch.dispatch(ReflectionDispatch.java:24)
	at org.gradle.internal.remote.internal.hub.MessageHubBackedObjectConnection$DispatchWrapper.dispatch(MessageHubBackedObjectConnection.java:146)
	at org.gradle.internal.remote.internal.hub.MessageHubBackedObjectConnection$DispatchWrapper.dispatch(MessageHubBackedObjectConnection.java:128)
	at org.gradle.internal.remote.internal.hub.MessageHub$Handler.run(MessageHub.java:404)
	at org.gradle.internal.concurrent.ExecutorPolicy$CatchAndRecordFailures.onExecute(ExecutorPolicy.java:63)
	at org.gradle.internal.concurrent.ManagedExecutorImpl$1.run(ManagedExecutorImpl.java:46)
	at java.util.concurrent.ThreadPoolExecutor.runWorker(ThreadPoolExecutor.java:1149)
	at java.util.concurrent.ThreadPoolExecutor$Worker.run(ThreadPoolExecutor.java:624)
	at org.gradle.internal.concurrent.ThreadFactoryImpl$ManagedThreadRunnable.run(ThreadFactoryImpl.java:55)
	at java.lang.Thread.run(Thread.java:748)
Caused by: com.dotmarketing.exception.DotDataException: ORA-00933: SQL command not properly ended
{
  &quot;SQL&quot;: [&quot;select contentlet.*, inode.owner from contentlet, contentlet_version_info as contentletvi, inode where structure_inode = '3831dbce-e1c1-44cb-9913-d3e01a801fe6'  and contentletvi.identifier=contentlet.identifier  and contentletvi.working_inode=contentlet.inode  and contentlet.inode = inode.inode&quot;],
  &quot;maxRows&quot;: [200],
  &quot;offest&quot;: [0]
}
	at com.dotmarketing.common.db.DotConnect.loadResult(DotConnect.java:273)
	at com.dotmarketing.common.db.DotConnect.loadObjectResults(DotConnect.java:925)
	at com.dotcms.content.elasticsearch.business.ESContentFactoryImpl.findByStructure(ESContentFactoryImpl.java:1028)
	at com.dotcms.content.elasticsearch.business.ESContentFactoryImpl.findByStructure(ESContentFactoryImpl.java:984)
	at com.dotcms.content.elasticsearch.business.ESContentletAPIImpl.findByStructure_aroundBody8(ESContentletAPIImpl.java:359)
	at com.dotcms.content.elasticsearch.business.ESContentletAPIImpl$AjcClosure9.run(ESContentletAPIImpl.java:1)
	at org.aspectj.runtime.reflect.JoinPointImpl.proceed(JoinPointImpl.java:149)
	at com.dotcms.aspects.aspectj.AspectJDelegateMethodInvocation.proceed(AspectJDelegateMethodInvocation.java:42)
	at com.dotcms.aspects.interceptors.CloseDBIfOpenedMethodInterceptor.invoke(CloseDBIfOpenedMethodInterceptor.java:29)
	at com.dotcms.aspects.aspectj.CloseDBIfOpenedAspect.invoke(CloseDBIfOpenedAspect.java:41)
	at com.dotcms.content.elasticsearch.business.ESContentletAPIImpl.findByStructure(ESContentletAPIImpl.java:358)
	at com.dotmarketing.portlets.contentlet.business.ContentletAPIInterceptor.findByStructure(ContentletAPIInterceptor.java:816)
	at com.dotcms.contenttype.business.ContentTypeFactoryImpl.deleteContentletsByType(ContentTypeFactoryImpl.java:629)
	at com.dotcms.contenttype.business.ContentTypeFactoryImpl.dbDelete(ContentTypeFactoryImpl.java:520)
	at com.dotcms.contenttype.business.ContentTypeFactoryImpl.delete(ContentTypeFactoryImpl.java:130)
	at com.dotcms.contenttype.business.ContentTypeAPIImpl.delete_aroundBody0(ContentTypeAPIImpl.java:85)
	... 68 more
Caused by: java.sql.SQLSyntaxErrorException: ORA-00933: SQL command not properly ended

	at oracle.jdbc.driver.T4CTTIoer11.processError(T4CTTIoer11.java:509)
	at oracle.jdbc.driver.T4CTTIoer11.processError(T4CTTIoer11.java:461)
	at oracle.jdbc.driver.T4C8Oall.processError(T4C8Oall.java:1104)
	at oracle.jdbc.driver.T4CTTIfun.receive(T4CTTIfun.java:550)
	at oracle.jdbc.driver.T4CTTIfun.doRPC(T4CTTIfun.java:268)
	at oracle.jdbc.driver.T4C8Oall.doOALL(T4C8Oall.java:655)
	at oracle.jdbc.driver.T4CStatement.doOall8(T4CStatement.java:229)
	at oracle.jdbc.driver.T4CStatement.doOall8(T4CStatement.java:41)
	at oracle.jdbc.driver.T4CStatement.executeForDescribe(T4CStatement.java:765)
	at oracle.jdbc.driver.OracleStatement.executeMaybeDescribe(OracleStatement.java:983)
	at oracle.jdbc.driver.OracleStatement.doExecuteWithTimeout(OracleStatement.java:1168)
	at oracle.jdbc.driver.OracleStatement.executeQuery(OracleStatement.java:1362)
	at oracle.jdbc.driver.OracleStatementWrapper.executeQuery(OracleStatementWrapper.java:369)
	at com.zaxxer.hikari.pool.ProxyStatement.executeQuery(ProxyStatement.java:111)
	at com.zaxxer.hikari.pool.HikariProxyStatement.executeQuery(HikariProxyStatement.java)
	at com.dotmarketing.common.db.DotConnect.executeQuery(DotConnect.java:646)
	at com.dotmarketing.common.db.DotConnect.executeQuery(DotConnect.java:532)
	at com.dotmarketing.common.db.DotConnect.loadResult(DotConnect.java:271)
	... 83 more
Caused by: Error : 933, Position : 74, Sql = select contentlet.*, inode.owner from contentlet, contentlet_version_info as contentletvi, inode where structure_inode = '3831dbce-e1c1-44cb-9913-d3e01a801fe6'  and contentletvi.identifier=contentlet.identifier  and contentletvi.working_inode=contentlet.inode  and contentlet.inode = inode.inode, OriginalSql = select contentlet.*, inode.owner from contentlet, contentlet_version_info as contentletvi, inode where structure_inode = '3831dbce-e1c1-44cb-9913-d3e01a801fe6'  and contentletvi.identifier=contentlet.identifier  and contentletvi.working_inode=contentlet.inode  and contentlet.inode = inode.inode, Error Msg = ORA-00933: SQL command not properly ended

	at oracle.jdbc.driver.T4CTTIoer11.processError(T4CTTIoer11.java:513)
	... 100 more
</pre>
</span>
</div>
<div class="test">
<a name="Test_Save_Action_Set_Null_To_Required_NumericField_Issue_15340"></a>
<h3 class="failures">Test_Save_Action_Set_Null_To_Required_NumericField_Issue_15340</h3>
<span class="code">
<pre>com.dotcms.exception.BaseRuntimeInternationalizationException: com.dotmarketing.exception.DotDataException: ORA-00933: SQL command not properly ended
{
  &quot;SQL&quot;: [&quot;select contentlet.*, inode.owner from contentlet, contentlet_version_info as contentletvi, inode where structure_inode = 'dbe0a0fe-fa23-4a2a-b13b-82b40bbc9110'  and contentletvi.identifier=contentlet.identifier  and contentletvi.working_inode=contentlet.inode  and contentlet.inode = inode.inode&quot;],
  &quot;maxRows&quot;: [200],
  &quot;offest&quot;: [0]
}
	at com.dotcms.contenttype.business.ContentTypeAPIImpl.delete_aroundBody0(ContentTypeAPIImpl.java:88)
	at com.dotcms.contenttype.business.ContentTypeAPIImpl$AjcClosure1.run(ContentTypeAPIImpl.java:1)
	at org.aspectj.runtime.reflect.JoinPointImpl.proceed(JoinPointImpl.java:149)
	at com.dotcms.aspects.aspectj.AspectJDelegateMethodInvocation.proceed(AspectJDelegateMethodInvocation.java:42)
	at com.dotmarketing.db.LocalTransaction.wrapReturnWithListeners(LocalTransaction.java:59)
	at com.dotcms.aspects.interceptors.WrapInTransactionMethodInterceptor.invoke(WrapInTransactionMethodInterceptor.java:23)
	at com.dotcms.aspects.aspectj.WrapInTransactionAspect.invoke(WrapInTransactionAspect.java:41)
	at com.dotcms.contenttype.business.ContentTypeAPIImpl.delete(ContentTypeAPIImpl.java:81)
	at com.dotcms.contenttype.test.ContentResourceTest.Test_Save_Action_Set_Null_To_Required_NumericField_Issue_15340(ContentResourceTest.java:1277)
	at sun.reflect.NativeMethodAccessorImpl.invoke0(Native Method)
	at sun.reflect.NativeMethodAccessorImpl.invoke(NativeMethodAccessorImpl.java:62)
	at sun.reflect.DelegatingMethodAccessorImpl.invoke(DelegatingMethodAccessorImpl.java:43)
	at java.lang.reflect.Method.invoke(Method.java:498)
	at org.junit.runners.model.FrameworkMethod$1.runReflectiveCall(FrameworkMethod.java:50)
	at org.junit.internal.runners.model.ReflectiveCallable.run(ReflectiveCallable.java:12)
	at org.junit.runners.model.FrameworkMethod.invokeExplosively(FrameworkMethod.java:47)
	at org.junit.internal.runners.statements.InvokeMethod.evaluate(InvokeMethod.java:17)
	at org.junit.internal.runners.statements.RunBefores.evaluate(RunBefores.java:26)
	at org.junit.internal.runners.statements.RunAfters.evaluate(RunAfters.java:27)
	at org.junit.rules.TestWatcher$1.evaluate(TestWatcher.java:55)
	at org.junit.rules.RunRules.evaluate(RunRules.java:20)
	at org.junit.runners.ParentRunner.runLeaf(ParentRunner.java:325)
	at com.dotcms.junit.CustomDataProviderRunner.runChild(CustomDataProviderRunner.java:28)
	at com.dotcms.junit.CustomDataProviderRunner.runChild(CustomDataProviderRunner.java:13)
	at org.junit.runners.ParentRunner$3.run(ParentRunner.java:290)
	at org.junit.runners.ParentRunner$1.schedule(ParentRunner.java:71)
	at org.junit.runners.ParentRunner.runChildren(ParentRunner.java:288)
	at org.junit.runners.ParentRunner.access$000(ParentRunner.java:58)
	at org.junit.runners.ParentRunner$2.evaluate(ParentRunner.java:268)
	at org.junit.internal.runners.statements.RunBefores.evaluate(RunBefores.java:26)
	at org.junit.internal.runners.statements.RunAfters.evaluate(RunAfters.java:27)
	at org.junit.runners.ParentRunner.run(ParentRunner.java:363)
	at org.junit.runners.Suite.runChild(Suite.java:128)
	at org.junit.runners.Suite.runChild(Suite.java:27)
	at org.junit.runners.ParentRunner$3.run(ParentRunner.java:290)
	at org.junit.runners.ParentRunner$1.schedule(ParentRunner.java:71)
	at org.junit.runners.ParentRunner.runChildren(ParentRunner.java:288)
	at org.junit.runners.ParentRunner.access$000(ParentRunner.java:58)
	at org.junit.runners.ParentRunner$2.evaluate(ParentRunner.java:268)
	at org.junit.runners.ParentRunner.run(ParentRunner.java:363)
	at org.gradle.api.internal.tasks.testing.junit.JUnitTestClassExecuter.runTestClass(JUnitTestClassExecuter.java:114)
	at org.gradle.api.internal.tasks.testing.junit.JUnitTestClassExecuter.execute(JUnitTestClassExecuter.java:57)
	at org.gradle.api.internal.tasks.testing.junit.JUnitTestClassProcessor.processTestClass(JUnitTestClassProcessor.java:66)
	at org.gradle.api.internal.tasks.testing.SuiteTestClassProcessor.processTestClass(SuiteTestClassProcessor.java:51)
	at sun.reflect.NativeMethodAccessorImpl.invoke0(Native Method)
	at sun.reflect.NativeMethodAccessorImpl.invoke(NativeMethodAccessorImpl.java:62)
	at sun.reflect.DelegatingMethodAccessorImpl.invoke(DelegatingMethodAccessorImpl.java:43)
	at java.lang.reflect.Method.invoke(Method.java:498)
	at org.gradle.internal.dispatch.ReflectionDispatch.dispatch(ReflectionDispatch.java:35)
	at org.gradle.internal.dispatch.ReflectionDispatch.dispatch(ReflectionDispatch.java:24)
	at org.gradle.internal.dispatch.ContextClassLoaderDispatch.dispatch(ContextClassLoaderDispatch.java:32)
	at org.gradle.internal.dispatch.ProxyDispatchAdapter$DispatchingInvocationHandler.invoke(ProxyDispatchAdapter.java:93)
	at com.sun.proxy.$Proxy1.processTestClass(Unknown Source)
	at org.gradle.api.internal.tasks.testing.worker.TestWorker.processTestClass(TestWorker.java:108)
	at sun.reflect.NativeMethodAccessorImpl.invoke0(Native Method)
	at sun.reflect.NativeMethodAccessorImpl.invoke(NativeMethodAccessorImpl.java:62)
	at sun.reflect.DelegatingMethodAccessorImpl.invoke(DelegatingMethodAccessorImpl.java:43)
	at java.lang.reflect.Method.invoke(Method.java:498)
	at org.gradle.internal.dispatch.ReflectionDispatch.dispatch(ReflectionDispatch.java:35)
	at org.gradle.internal.dispatch.ReflectionDispatch.dispatch(ReflectionDispatch.java:24)
	at org.gradle.internal.remote.internal.hub.MessageHubBackedObjectConnection$DispatchWrapper.dispatch(MessageHubBackedObjectConnection.java:146)
	at org.gradle.internal.remote.internal.hub.MessageHubBackedObjectConnection$DispatchWrapper.dispatch(MessageHubBackedObjectConnection.java:128)
	at org.gradle.internal.remote.internal.hub.MessageHub$Handler.run(MessageHub.java:404)
	at org.gradle.internal.concurrent.ExecutorPolicy$CatchAndRecordFailures.onExecute(ExecutorPolicy.java:63)
	at org.gradle.internal.concurrent.ManagedExecutorImpl$1.run(ManagedExecutorImpl.java:46)
	at java.util.concurrent.ThreadPoolExecutor.runWorker(ThreadPoolExecutor.java:1149)
	at java.util.concurrent.ThreadPoolExecutor$Worker.run(ThreadPoolExecutor.java:624)
	at org.gradle.internal.concurrent.ThreadFactoryImpl$ManagedThreadRunnable.run(ThreadFactoryImpl.java:55)
	at java.lang.Thread.run(Thread.java:748)
Caused by: com.dotmarketing.exception.DotDataException: ORA-00933: SQL command not properly ended
{
  &quot;SQL&quot;: [&quot;select contentlet.*, inode.owner from contentlet, contentlet_version_info as contentletvi, inode where structure_inode = 'dbe0a0fe-fa23-4a2a-b13b-82b40bbc9110'  and contentletvi.identifier=contentlet.identifier  and contentletvi.working_inode=contentlet.inode  and contentlet.inode = inode.inode&quot;],
  &quot;maxRows&quot;: [200],
  &quot;offest&quot;: [0]
}
	at com.dotmarketing.common.db.DotConnect.loadResult(DotConnect.java:273)
	at com.dotmarketing.common.db.DotConnect.loadObjectResults(DotConnect.java:925)
	at com.dotcms.content.elasticsearch.business.ESContentFactoryImpl.findByStructure(ESContentFactoryImpl.java:1028)
	at com.dotcms.content.elasticsearch.business.ESContentFactoryImpl.findByStructure(ESContentFactoryImpl.java:984)
	at com.dotcms.content.elasticsearch.business.ESContentletAPIImpl.findByStructure_aroundBody8(ESContentletAPIImpl.java:359)
	at com.dotcms.content.elasticsearch.business.ESContentletAPIImpl$AjcClosure9.run(ESContentletAPIImpl.java:1)
	at org.aspectj.runtime.reflect.JoinPointImpl.proceed(JoinPointImpl.java:149)
	at com.dotcms.aspects.aspectj.AspectJDelegateMethodInvocation.proceed(AspectJDelegateMethodInvocation.java:42)
	at com.dotcms.aspects.interceptors.CloseDBIfOpenedMethodInterceptor.invoke(CloseDBIfOpenedMethodInterceptor.java:29)
	at com.dotcms.aspects.aspectj.CloseDBIfOpenedAspect.invoke(CloseDBIfOpenedAspect.java:41)
	at com.dotcms.content.elasticsearch.business.ESContentletAPIImpl.findByStructure(ESContentletAPIImpl.java:358)
	at com.dotmarketing.portlets.contentlet.business.ContentletAPIInterceptor.findByStructure(ContentletAPIInterceptor.java:816)
	at com.dotcms.contenttype.business.ContentTypeFactoryImpl.deleteContentletsByType(ContentTypeFactoryImpl.java:629)
	at com.dotcms.contenttype.business.ContentTypeFactoryImpl.dbDelete(ContentTypeFactoryImpl.java:520)
	at com.dotcms.contenttype.business.ContentTypeFactoryImpl.delete(ContentTypeFactoryImpl.java:130)
	at com.dotcms.contenttype.business.ContentTypeAPIImpl.delete_aroundBody0(ContentTypeAPIImpl.java:85)
	... 68 more
Caused by: java.sql.SQLSyntaxErrorException: ORA-00933: SQL command not properly ended

	at oracle.jdbc.driver.T4CTTIoer11.processError(T4CTTIoer11.java:509)
	at oracle.jdbc.driver.T4CTTIoer11.processError(T4CTTIoer11.java:461)
	at oracle.jdbc.driver.T4C8Oall.processError(T4C8Oall.java:1104)
	at oracle.jdbc.driver.T4CTTIfun.receive(T4CTTIfun.java:550)
	at oracle.jdbc.driver.T4CTTIfun.doRPC(T4CTTIfun.java:268)
	at oracle.jdbc.driver.T4C8Oall.doOALL(T4C8Oall.java:655)
	at oracle.jdbc.driver.T4CStatement.doOall8(T4CStatement.java:229)
	at oracle.jdbc.driver.T4CStatement.doOall8(T4CStatement.java:41)
	at oracle.jdbc.driver.T4CStatement.executeForDescribe(T4CStatement.java:765)
	at oracle.jdbc.driver.OracleStatement.executeMaybeDescribe(OracleStatement.java:983)
	at oracle.jdbc.driver.OracleStatement.doExecuteWithTimeout(OracleStatement.java:1168)
	at oracle.jdbc.driver.OracleStatement.executeQuery(OracleStatement.java:1362)
	at oracle.jdbc.driver.OracleStatementWrapper.executeQuery(OracleStatementWrapper.java:369)
	at com.zaxxer.hikari.pool.ProxyStatement.executeQuery(ProxyStatement.java:111)
	at com.zaxxer.hikari.pool.HikariProxyStatement.executeQuery(HikariProxyStatement.java)
	at com.dotmarketing.common.db.DotConnect.executeQuery(DotConnect.java:646)
	at com.dotmarketing.common.db.DotConnect.executeQuery(DotConnect.java:532)
	at com.dotmarketing.common.db.DotConnect.loadResult(DotConnect.java:271)
	... 83 more
Caused by: Error : 933, Position : 74, Sql = select contentlet.*, inode.owner from contentlet, contentlet_version_info as contentletvi, inode where structure_inode = 'dbe0a0fe-fa23-4a2a-b13b-82b40bbc9110'  and contentletvi.identifier=contentlet.identifier  and contentletvi.working_inode=contentlet.inode  and contentlet.inode = inode.inode, OriginalSql = select contentlet.*, inode.owner from contentlet, contentlet_version_info as contentletvi, inode where structure_inode = 'dbe0a0fe-fa23-4a2a-b13b-82b40bbc9110'  and contentletvi.identifier=contentlet.identifier  and contentletvi.working_inode=contentlet.inode  and contentlet.inode = inode.inode, Error Msg = ORA-00933: SQL command not properly ended

	at oracle.jdbc.driver.T4CTTIoer11.processError(T4CTTIoer11.java:513)
	... 100 more
</pre>
</span>
</div>
<div class="test">
<a name="Test_Save_Action_Set_Words_To_Required_NumericField_Issue_15340"></a>
<h3 class="failures">Test_Save_Action_Set_Words_To_Required_NumericField_Issue_15340</h3>
<span class="code">
<pre>com.dotcms.exception.BaseRuntimeInternationalizationException: com.dotmarketing.exception.DotDataException: ORA-00933: SQL command not properly ended
{
  &quot;SQL&quot;: [&quot;select contentlet.*, inode.owner from contentlet, contentlet_version_info as contentletvi, inode where structure_inode = '2e085ff5-ead2-412d-b9d8-8a0a4f3b31ff'  and contentletvi.identifier=contentlet.identifier  and contentletvi.working_inode=contentlet.inode  and contentlet.inode = inode.inode&quot;],
  &quot;maxRows&quot;: [200],
  &quot;offest&quot;: [0]
}
	at com.dotcms.contenttype.business.ContentTypeAPIImpl.delete_aroundBody0(ContentTypeAPIImpl.java:88)
	at com.dotcms.contenttype.business.ContentTypeAPIImpl$AjcClosure1.run(ContentTypeAPIImpl.java:1)
	at org.aspectj.runtime.reflect.JoinPointImpl.proceed(JoinPointImpl.java:149)
	at com.dotcms.aspects.aspectj.AspectJDelegateMethodInvocation.proceed(AspectJDelegateMethodInvocation.java:42)
	at com.dotmarketing.db.LocalTransaction.wrapReturnWithListeners(LocalTransaction.java:59)
	at com.dotcms.aspects.interceptors.WrapInTransactionMethodInterceptor.invoke(WrapInTransactionMethodInterceptor.java:23)
	at com.dotcms.aspects.aspectj.WrapInTransactionAspect.invoke(WrapInTransactionAspect.java:41)
	at com.dotcms.contenttype.business.ContentTypeAPIImpl.delete(ContentTypeAPIImpl.java:81)
	at com.dotcms.contenttype.test.ContentResourceTest.Test_Save_Action_Set_Words_To_Required_NumericField_Issue_15340(ContentResourceTest.java:1249)
	at sun.reflect.NativeMethodAccessorImpl.invoke0(Native Method)
	at sun.reflect.NativeMethodAccessorImpl.invoke(NativeMethodAccessorImpl.java:62)
	at sun.reflect.DelegatingMethodAccessorImpl.invoke(DelegatingMethodAccessorImpl.java:43)
	at java.lang.reflect.Method.invoke(Method.java:498)
	at org.junit.runners.model.FrameworkMethod$1.runReflectiveCall(FrameworkMethod.java:50)
	at org.junit.internal.runners.model.ReflectiveCallable.run(ReflectiveCallable.java:12)
	at org.junit.runners.model.FrameworkMethod.invokeExplosively(FrameworkMethod.java:47)
	at org.junit.internal.runners.statements.InvokeMethod.evaluate(InvokeMethod.java:17)
	at org.junit.internal.runners.statements.RunBefores.evaluate(RunBefores.java:26)
	at org.junit.internal.runners.statements.RunAfters.evaluate(RunAfters.java:27)
	at org.junit.rules.TestWatcher$1.evaluate(TestWatcher.java:55)
	at org.junit.rules.RunRules.evaluate(RunRules.java:20)
	at org.junit.runners.ParentRunner.runLeaf(ParentRunner.java:325)
	at com.dotcms.junit.CustomDataProviderRunner.runChild(CustomDataProviderRunner.java:28)
	at com.dotcms.junit.CustomDataProviderRunner.runChild(CustomDataProviderRunner.java:13)
	at org.junit.runners.ParentRunner$3.run(ParentRunner.java:290)
	at org.junit.runners.ParentRunner$1.schedule(ParentRunner.java:71)
	at org.junit.runners.ParentRunner.runChildren(ParentRunner.java:288)
	at org.junit.runners.ParentRunner.access$000(ParentRunner.java:58)
	at org.junit.runners.ParentRunner$2.evaluate(ParentRunner.java:268)
	at org.junit.internal.runners.statements.RunBefores.evaluate(RunBefores.java:26)
	at org.junit.internal.runners.statements.RunAfters.evaluate(RunAfters.java:27)
	at org.junit.runners.ParentRunner.run(ParentRunner.java:363)
	at org.junit.runners.Suite.runChild(Suite.java:128)
	at org.junit.runners.Suite.runChild(Suite.java:27)
	at org.junit.runners.ParentRunner$3.run(ParentRunner.java:290)
	at org.junit.runners.ParentRunner$1.schedule(ParentRunner.java:71)
	at org.junit.runners.ParentRunner.runChildren(ParentRunner.java:288)
	at org.junit.runners.ParentRunner.access$000(ParentRunner.java:58)
	at org.junit.runners.ParentRunner$2.evaluate(ParentRunner.java:268)
	at org.junit.runners.ParentRunner.run(ParentRunner.java:363)
	at org.gradle.api.internal.tasks.testing.junit.JUnitTestClassExecuter.runTestClass(JUnitTestClassExecuter.java:114)
	at org.gradle.api.internal.tasks.testing.junit.JUnitTestClassExecuter.execute(JUnitTestClassExecuter.java:57)
	at org.gradle.api.internal.tasks.testing.junit.JUnitTestClassProcessor.processTestClass(JUnitTestClassProcessor.java:66)
	at org.gradle.api.internal.tasks.testing.SuiteTestClassProcessor.processTestClass(SuiteTestClassProcessor.java:51)
	at sun.reflect.NativeMethodAccessorImpl.invoke0(Native Method)
	at sun.reflect.NativeMethodAccessorImpl.invoke(NativeMethodAccessorImpl.java:62)
	at sun.reflect.DelegatingMethodAccessorImpl.invoke(DelegatingMethodAccessorImpl.java:43)
	at java.lang.reflect.Method.invoke(Method.java:498)
	at org.gradle.internal.dispatch.ReflectionDispatch.dispatch(ReflectionDispatch.java:35)
	at org.gradle.internal.dispatch.ReflectionDispatch.dispatch(ReflectionDispatch.java:24)
	at org.gradle.internal.dispatch.ContextClassLoaderDispatch.dispatch(ContextClassLoaderDispatch.java:32)
	at org.gradle.internal.dispatch.ProxyDispatchAdapter$DispatchingInvocationHandler.invoke(ProxyDispatchAdapter.java:93)
	at com.sun.proxy.$Proxy1.processTestClass(Unknown Source)
	at org.gradle.api.internal.tasks.testing.worker.TestWorker.processTestClass(TestWorker.java:108)
	at sun.reflect.NativeMethodAccessorImpl.invoke0(Native Method)
	at sun.reflect.NativeMethodAccessorImpl.invoke(NativeMethodAccessorImpl.java:62)
	at sun.reflect.DelegatingMethodAccessorImpl.invoke(DelegatingMethodAccessorImpl.java:43)
	at java.lang.reflect.Method.invoke(Method.java:498)
	at org.gradle.internal.dispatch.ReflectionDispatch.dispatch(ReflectionDispatch.java:35)
	at org.gradle.internal.dispatch.ReflectionDispatch.dispatch(ReflectionDispatch.java:24)
	at org.gradle.internal.remote.internal.hub.MessageHubBackedObjectConnection$DispatchWrapper.dispatch(MessageHubBackedObjectConnection.java:146)
	at org.gradle.internal.remote.internal.hub.MessageHubBackedObjectConnection$DispatchWrapper.dispatch(MessageHubBackedObjectConnection.java:128)
	at org.gradle.internal.remote.internal.hub.MessageHub$Handler.run(MessageHub.java:404)
	at org.gradle.internal.concurrent.ExecutorPolicy$CatchAndRecordFailures.onExecute(ExecutorPolicy.java:63)
	at org.gradle.internal.concurrent.ManagedExecutorImpl$1.run(ManagedExecutorImpl.java:46)
	at java.util.concurrent.ThreadPoolExecutor.runWorker(ThreadPoolExecutor.java:1149)
	at java.util.concurrent.ThreadPoolExecutor$Worker.run(ThreadPoolExecutor.java:624)
	at org.gradle.internal.concurrent.ThreadFactoryImpl$ManagedThreadRunnable.run(ThreadFactoryImpl.java:55)
	at java.lang.Thread.run(Thread.java:748)
Caused by: com.dotmarketing.exception.DotDataException: ORA-00933: SQL command not properly ended
{
  &quot;SQL&quot;: [&quot;select contentlet.*, inode.owner from contentlet, contentlet_version_info as contentletvi, inode where structure_inode = '2e085ff5-ead2-412d-b9d8-8a0a4f3b31ff'  and contentletvi.identifier=contentlet.identifier  and contentletvi.working_inode=contentlet.inode  and contentlet.inode = inode.inode&quot;],
  &quot;maxRows&quot;: [200],
  &quot;offest&quot;: [0]
}
	at com.dotmarketing.common.db.DotConnect.loadResult(DotConnect.java:273)
	at com.dotmarketing.common.db.DotConnect.loadObjectResults(DotConnect.java:925)
	at com.dotcms.content.elasticsearch.business.ESContentFactoryImpl.findByStructure(ESContentFactoryImpl.java:1028)
	at com.dotcms.content.elasticsearch.business.ESContentFactoryImpl.findByStructure(ESContentFactoryImpl.java:984)
	at com.dotcms.content.elasticsearch.business.ESContentletAPIImpl.findByStructure_aroundBody8(ESContentletAPIImpl.java:359)
	at com.dotcms.content.elasticsearch.business.ESContentletAPIImpl$AjcClosure9.run(ESContentletAPIImpl.java:1)
	at org.aspectj.runtime.reflect.JoinPointImpl.proceed(JoinPointImpl.java:149)
	at com.dotcms.aspects.aspectj.AspectJDelegateMethodInvocation.proceed(AspectJDelegateMethodInvocation.java:42)
	at com.dotcms.aspects.interceptors.CloseDBIfOpenedMethodInterceptor.invoke(CloseDBIfOpenedMethodInterceptor.java:29)
	at com.dotcms.aspects.aspectj.CloseDBIfOpenedAspect.invoke(CloseDBIfOpenedAspect.java:41)
	at com.dotcms.content.elasticsearch.business.ESContentletAPIImpl.findByStructure(ESContentletAPIImpl.java:358)
	at com.dotmarketing.portlets.contentlet.business.ContentletAPIInterceptor.findByStructure(ContentletAPIInterceptor.java:816)
	at com.dotcms.contenttype.business.ContentTypeFactoryImpl.deleteContentletsByType(ContentTypeFactoryImpl.java:629)
	at com.dotcms.contenttype.business.ContentTypeFactoryImpl.dbDelete(ContentTypeFactoryImpl.java:520)
	at com.dotcms.contenttype.business.ContentTypeFactoryImpl.delete(ContentTypeFactoryImpl.java:130)
	at com.dotcms.contenttype.business.ContentTypeAPIImpl.delete_aroundBody0(ContentTypeAPIImpl.java:85)
	... 68 more
Caused by: java.sql.SQLSyntaxErrorException: ORA-00933: SQL command not properly ended

	at oracle.jdbc.driver.T4CTTIoer11.processError(T4CTTIoer11.java:509)
	at oracle.jdbc.driver.T4CTTIoer11.processError(T4CTTIoer11.java:461)
	at oracle.jdbc.driver.T4C8Oall.processError(T4C8Oall.java:1104)
	at oracle.jdbc.driver.T4CTTIfun.receive(T4CTTIfun.java:550)
	at oracle.jdbc.driver.T4CTTIfun.doRPC(T4CTTIfun.java:268)
	at oracle.jdbc.driver.T4C8Oall.doOALL(T4C8Oall.java:655)
	at oracle.jdbc.driver.T4CStatement.doOall8(T4CStatement.java:229)
	at oracle.jdbc.driver.T4CStatement.doOall8(T4CStatement.java:41)
	at oracle.jdbc.driver.T4CStatement.executeForDescribe(T4CStatement.java:765)
	at oracle.jdbc.driver.OracleStatement.executeMaybeDescribe(OracleStatement.java:983)
	at oracle.jdbc.driver.OracleStatement.doExecuteWithTimeout(OracleStatement.java:1168)
	at oracle.jdbc.driver.OracleStatement.executeQuery(OracleStatement.java:1362)
	at oracle.jdbc.driver.OracleStatementWrapper.executeQuery(OracleStatementWrapper.java:369)
	at com.zaxxer.hikari.pool.ProxyStatement.executeQuery(ProxyStatement.java:111)
	at com.zaxxer.hikari.pool.HikariProxyStatement.executeQuery(HikariProxyStatement.java)
	at com.dotmarketing.common.db.DotConnect.executeQuery(DotConnect.java:646)
	at com.dotmarketing.common.db.DotConnect.executeQuery(DotConnect.java:532)
	at com.dotmarketing.common.db.DotConnect.loadResult(DotConnect.java:271)
	... 83 more
Caused by: Error : 933, Position : 74, Sql = select contentlet.*, inode.owner from contentlet, contentlet_version_info as contentletvi, inode where structure_inode = '2e085ff5-ead2-412d-b9d8-8a0a4f3b31ff'  and contentletvi.identifier=contentlet.identifier  and contentletvi.working_inode=contentlet.inode  and contentlet.inode = inode.inode, OriginalSql = select contentlet.*, inode.owner from contentlet, contentlet_version_info as contentletvi, inode where structure_inode = '2e085ff5-ead2-412d-b9d8-8a0a4f3b31ff'  and contentletvi.identifier=contentlet.identifier  and contentletvi.working_inode=contentlet.inode  and contentlet.inode = inode.inode, Error Msg = ORA-00933: SQL command not properly ended

	at oracle.jdbc.driver.T4CTTIoer11.processError(T4CTTIoer11.java:513)
	... 100 more
</pre>
</span>
</div>
<div class="test">
<a name="testSinglePOST_InvalidParamsShouldReturn400[0: ({\n    &quot;stInode&quot; : &quot;InvalidValue&quot;,\n    &quot;numeric&quot; : &quot;0&quot;,\n    &quot;image&quot; : &quot;whatever&quot;\n}, Bad Request)]"></a>
<h3 class="failures">testSinglePOST_InvalidParamsShouldReturn400[0: ({\n    &quot;stInode&quot; : &quot;InvalidValue&quot;,\n    &quot;numeric&quot; : &quot;0&quot;,\n    &quot;image&quot; : &quot;whatever&quot;\n}, Bad Request)]</h3>
<span class="code">
<pre>com.dotcms.exception.BaseRuntimeInternationalizationException: com.dotmarketing.exception.DotDataException: ORA-00933: SQL command not properly ended
{
  &quot;SQL&quot;: [&quot;select contentlet.*, inode.owner from contentlet, contentlet_version_info as contentletvi, inode where structure_inode = 'a90b30eb-7cdc-4742-a638-21f0300829f9'  and contentletvi.identifier=contentlet.identifier  and contentletvi.working_inode=contentlet.inode  and contentlet.inode = inode.inode&quot;],
  &quot;maxRows&quot;: [200],
  &quot;offest&quot;: [0]
}
	at com.dotcms.contenttype.business.ContentTypeAPIImpl.delete_aroundBody0(ContentTypeAPIImpl.java:88)
	at com.dotcms.contenttype.business.ContentTypeAPIImpl$AjcClosure1.run(ContentTypeAPIImpl.java:1)
	at org.aspectj.runtime.reflect.JoinPointImpl.proceed(JoinPointImpl.java:149)
	at com.dotcms.aspects.aspectj.AspectJDelegateMethodInvocation.proceed(AspectJDelegateMethodInvocation.java:42)
	at com.dotmarketing.db.LocalTransaction.wrapReturnWithListeners(LocalTransaction.java:59)
	at com.dotcms.aspects.interceptors.WrapInTransactionMethodInterceptor.invoke(WrapInTransactionMethodInterceptor.java:23)
	at com.dotcms.aspects.aspectj.WrapInTransactionAspect.invoke(WrapInTransactionAspect.java:41)
	at com.dotcms.contenttype.business.ContentTypeAPIImpl.delete(ContentTypeAPIImpl.java:81)
	at com.dotcms.contenttype.test.ContentResourceTest.testSinglePOST_InvalidParamsShouldReturn400(ContentResourceTest.java:1326)
	at sun.reflect.NativeMethodAccessorImpl.invoke0(Native Method)
	at sun.reflect.NativeMethodAccessorImpl.invoke(NativeMethodAccessorImpl.java:62)
	at sun.reflect.DelegatingMethodAccessorImpl.invoke(DelegatingMethodAccessorImpl.java:43)
	at java.lang.reflect.Method.invoke(Method.java:498)
	at org.junit.runners.model.FrameworkMethod$1.runReflectiveCall(FrameworkMethod.java:50)
	at org.junit.internal.runners.model.ReflectiveCallable.run(ReflectiveCallable.java:12)
	at org.junit.runners.model.FrameworkMethod.invokeExplosively(FrameworkMethod.java:47)
	at com.tngtech.java.junit.dataprovider.DataProviderFrameworkMethod.invokeExplosively(DataProviderFrameworkMethod.java:119)
	at org.junit.internal.runners.statements.InvokeMethod.evaluate(InvokeMethod.java:17)
	at org.junit.internal.runners.statements.RunBefores.evaluate(RunBefores.java:26)
	at org.junit.internal.runners.statements.RunAfters.evaluate(RunAfters.java:27)
	at org.junit.rules.TestWatcher$1.evaluate(TestWatcher.java:55)
	at org.junit.rules.RunRules.evaluate(RunRules.java:20)
	at org.junit.runners.ParentRunner.runLeaf(ParentRunner.java:325)
	at com.dotcms.junit.CustomDataProviderRunner.runChild(CustomDataProviderRunner.java:28)
	at com.dotcms.junit.CustomDataProviderRunner.runChild(CustomDataProviderRunner.java:13)
	at org.junit.runners.ParentRunner$3.run(ParentRunner.java:290)
	at org.junit.runners.ParentRunner$1.schedule(ParentRunner.java:71)
	at org.junit.runners.ParentRunner.runChildren(ParentRunner.java:288)
	at org.junit.runners.ParentRunner.access$000(ParentRunner.java:58)
	at org.junit.runners.ParentRunner$2.evaluate(ParentRunner.java:268)
	at org.junit.internal.runners.statements.RunBefores.evaluate(RunBefores.java:26)
	at org.junit.internal.runners.statements.RunAfters.evaluate(RunAfters.java:27)
	at org.junit.runners.ParentRunner.run(ParentRunner.java:363)
	at org.junit.runners.Suite.runChild(Suite.java:128)
	at org.junit.runners.Suite.runChild(Suite.java:27)
	at org.junit.runners.ParentRunner$3.run(ParentRunner.java:290)
	at org.junit.runners.ParentRunner$1.schedule(ParentRunner.java:71)
	at org.junit.runners.ParentRunner.runChildren(ParentRunner.java:288)
	at org.junit.runners.ParentRunner.access$000(ParentRunner.java:58)
	at org.junit.runners.ParentRunner$2.evaluate(ParentRunner.java:268)
	at org.junit.runners.ParentRunner.run(ParentRunner.java:363)
	at org.gradle.api.internal.tasks.testing.junit.JUnitTestClassExecuter.runTestClass(JUnitTestClassExecuter.java:114)
	at org.gradle.api.internal.tasks.testing.junit.JUnitTestClassExecuter.execute(JUnitTestClassExecuter.java:57)
	at org.gradle.api.internal.tasks.testing.junit.JUnitTestClassProcessor.processTestClass(JUnitTestClassProcessor.java:66)
	at org.gradle.api.internal.tasks.testing.SuiteTestClassProcessor.processTestClass(SuiteTestClassProcessor.java:51)
	at sun.reflect.NativeMethodAccessorImpl.invoke0(Native Method)
	at sun.reflect.NativeMethodAccessorImpl.invoke(NativeMethodAccessorImpl.java:62)
	at sun.reflect.DelegatingMethodAccessorImpl.invoke(DelegatingMethodAccessorImpl.java:43)
	at java.lang.reflect.Method.invoke(Method.java:498)
	at org.gradle.internal.dispatch.ReflectionDispatch.dispatch(ReflectionDispatch.java:35)
	at org.gradle.internal.dispatch.ReflectionDispatch.dispatch(ReflectionDispatch.java:24)
	at org.gradle.internal.dispatch.ContextClassLoaderDispatch.dispatch(ContextClassLoaderDispatch.java:32)
	at org.gradle.internal.dispatch.ProxyDispatchAdapter$DispatchingInvocationHandler.invoke(ProxyDispatchAdapter.java:93)
	at com.sun.proxy.$Proxy1.processTestClass(Unknown Source)
	at org.gradle.api.internal.tasks.testing.worker.TestWorker.processTestClass(TestWorker.java:108)
	at sun.reflect.NativeMethodAccessorImpl.invoke0(Native Method)
	at sun.reflect.NativeMethodAccessorImpl.invoke(NativeMethodAccessorImpl.java:62)
	at sun.reflect.DelegatingMethodAccessorImpl.invoke(DelegatingMethodAccessorImpl.java:43)
	at java.lang.reflect.Method.invoke(Method.java:498)
	at org.gradle.internal.dispatch.ReflectionDispatch.dispatch(ReflectionDispatch.java:35)
	at org.gradle.internal.dispatch.ReflectionDispatch.dispatch(ReflectionDispatch.java:24)
	at org.gradle.internal.remote.internal.hub.MessageHubBackedObjectConnection$DispatchWrapper.dispatch(MessageHubBackedObjectConnection.java:146)
	at org.gradle.internal.remote.internal.hub.MessageHubBackedObjectConnection$DispatchWrapper.dispatch(MessageHubBackedObjectConnection.java:128)
	at org.gradle.internal.remote.internal.hub.MessageHub$Handler.run(MessageHub.java:404)
	at org.gradle.internal.concurrent.ExecutorPolicy$CatchAndRecordFailures.onExecute(ExecutorPolicy.java:63)
	at org.gradle.internal.concurrent.ManagedExecutorImpl$1.run(ManagedExecutorImpl.java:46)
	at java.util.concurrent.ThreadPoolExecutor.runWorker(ThreadPoolExecutor.java:1149)
	at java.util.concurrent.ThreadPoolExecutor$Worker.run(ThreadPoolExecutor.java:624)
	at org.gradle.internal.concurrent.ThreadFactoryImpl$ManagedThreadRunnable.run(ThreadFactoryImpl.java:55)
	at java.lang.Thread.run(Thread.java:748)
Caused by: com.dotmarketing.exception.DotDataException: ORA-00933: SQL command not properly ended
{
  &quot;SQL&quot;: [&quot;select contentlet.*, inode.owner from contentlet, contentlet_version_info as contentletvi, inode where structure_inode = 'a90b30eb-7cdc-4742-a638-21f0300829f9'  and contentletvi.identifier=contentlet.identifier  and contentletvi.working_inode=contentlet.inode  and contentlet.inode = inode.inode&quot;],
  &quot;maxRows&quot;: [200],
  &quot;offest&quot;: [0]
}
	at com.dotmarketing.common.db.DotConnect.loadResult(DotConnect.java:273)
	at com.dotmarketing.common.db.DotConnect.loadObjectResults(DotConnect.java:925)
	at com.dotcms.content.elasticsearch.business.ESContentFactoryImpl.findByStructure(ESContentFactoryImpl.java:1028)
	at com.dotcms.content.elasticsearch.business.ESContentFactoryImpl.findByStructure(ESContentFactoryImpl.java:984)
	at com.dotcms.content.elasticsearch.business.ESContentletAPIImpl.findByStructure_aroundBody8(ESContentletAPIImpl.java:359)
	at com.dotcms.content.elasticsearch.business.ESContentletAPIImpl$AjcClosure9.run(ESContentletAPIImpl.java:1)
	at org.aspectj.runtime.reflect.JoinPointImpl.proceed(JoinPointImpl.java:149)
	at com.dotcms.aspects.aspectj.AspectJDelegateMethodInvocation.proceed(AspectJDelegateMethodInvocation.java:42)
	at com.dotcms.aspects.interceptors.CloseDBIfOpenedMethodInterceptor.invoke(CloseDBIfOpenedMethodInterceptor.java:29)
	at com.dotcms.aspects.aspectj.CloseDBIfOpenedAspect.invoke(CloseDBIfOpenedAspect.java:41)
	at com.dotcms.content.elasticsearch.business.ESContentletAPIImpl.findByStructure(ESContentletAPIImpl.java:358)
	at com.dotmarketing.portlets.contentlet.business.ContentletAPIInterceptor.findByStructure(ContentletAPIInterceptor.java:816)
	at com.dotcms.contenttype.business.ContentTypeFactoryImpl.deleteContentletsByType(ContentTypeFactoryImpl.java:629)
	at com.dotcms.contenttype.business.ContentTypeFactoryImpl.dbDelete(ContentTypeFactoryImpl.java:520)
	at com.dotcms.contenttype.business.ContentTypeFactoryImpl.delete(ContentTypeFactoryImpl.java:130)
	at com.dotcms.contenttype.business.ContentTypeAPIImpl.delete_aroundBody0(ContentTypeAPIImpl.java:85)
	... 69 more
Caused by: java.sql.SQLSyntaxErrorException: ORA-00933: SQL command not properly ended

	at oracle.jdbc.driver.T4CTTIoer11.processError(T4CTTIoer11.java:509)
	at oracle.jdbc.driver.T4CTTIoer11.processError(T4CTTIoer11.java:461)
	at oracle.jdbc.driver.T4C8Oall.processError(T4C8Oall.java:1104)
	at oracle.jdbc.driver.T4CTTIfun.receive(T4CTTIfun.java:550)
	at oracle.jdbc.driver.T4CTTIfun.doRPC(T4CTTIfun.java:268)
	at oracle.jdbc.driver.T4C8Oall.doOALL(T4C8Oall.java:655)
	at oracle.jdbc.driver.T4CStatement.doOall8(T4CStatement.java:229)
	at oracle.jdbc.driver.T4CStatement.doOall8(T4CStatement.java:41)
	at oracle.jdbc.driver.T4CStatement.executeForDescribe(T4CStatement.java:765)
	at oracle.jdbc.driver.OracleStatement.executeMaybeDescribe(OracleStatement.java:983)
	at oracle.jdbc.driver.OracleStatement.doExecuteWithTimeout(OracleStatement.java:1168)
	at oracle.jdbc.driver.OracleStatement.executeQuery(OracleStatement.java:1362)
	at oracle.jdbc.driver.OracleStatementWrapper.executeQuery(OracleStatementWrapper.java:369)
	at com.zaxxer.hikari.pool.ProxyStatement.executeQuery(ProxyStatement.java:111)
	at com.zaxxer.hikari.pool.HikariProxyStatement.executeQuery(HikariProxyStatement.java)
	at com.dotmarketing.common.db.DotConnect.executeQuery(DotConnect.java:646)
	at com.dotmarketing.common.db.DotConnect.executeQuery(DotConnect.java:532)
	at com.dotmarketing.common.db.DotConnect.loadResult(DotConnect.java:271)
	... 84 more
Caused by: Error : 933, Position : 74, Sql = select contentlet.*, inode.owner from contentlet, contentlet_version_info as contentletvi, inode where structure_inode = 'a90b30eb-7cdc-4742-a638-21f0300829f9'  and contentletvi.identifier=contentlet.identifier  and contentletvi.working_inode=contentlet.inode  and contentlet.inode = inode.inode, OriginalSql = select contentlet.*, inode.owner from contentlet, contentlet_version_info as contentletvi, inode where structure_inode = 'a90b30eb-7cdc-4742-a638-21f0300829f9'  and contentletvi.identifier=contentlet.identifier  and contentletvi.working_inode=contentlet.inode  and contentlet.inode = inode.inode, Error Msg = ORA-00933: SQL command not properly ended

	at oracle.jdbc.driver.T4CTTIoer11.processError(T4CTTIoer11.java:513)
	... 101 more
</pre>
</span>
</div>
<div class="test">
<a name="testSinglePOST_InvalidParamsShouldReturn400[1: ({\n    &quot;numeric&quot; : &quot;0&quot;,\n    &quot;image&quot; : &quot;whatever&quot;\n}, Bad Request)]"></a>
<h3 class="failures">testSinglePOST_InvalidParamsShouldReturn400[1: ({\n    &quot;numeric&quot; : &quot;0&quot;,\n    &quot;image&quot; : &quot;whatever&quot;\n}, Bad Request)]</h3>
<span class="code">
<pre>com.dotcms.exception.BaseRuntimeInternationalizationException: com.dotmarketing.exception.DotDataException: ORA-00933: SQL command not properly ended
{
  &quot;SQL&quot;: [&quot;select contentlet.*, inode.owner from contentlet, contentlet_version_info as contentletvi, inode where structure_inode = 'a861e795-d633-4e26-a3e8-fd3728e144e2'  and contentletvi.identifier=contentlet.identifier  and contentletvi.working_inode=contentlet.inode  and contentlet.inode = inode.inode&quot;],
  &quot;maxRows&quot;: [200],
  &quot;offest&quot;: [0]
}
	at com.dotcms.contenttype.business.ContentTypeAPIImpl.delete_aroundBody0(ContentTypeAPIImpl.java:88)
	at com.dotcms.contenttype.business.ContentTypeAPIImpl$AjcClosure1.run(ContentTypeAPIImpl.java:1)
	at org.aspectj.runtime.reflect.JoinPointImpl.proceed(JoinPointImpl.java:149)
	at com.dotcms.aspects.aspectj.AspectJDelegateMethodInvocation.proceed(AspectJDelegateMethodInvocation.java:42)
	at com.dotmarketing.db.LocalTransaction.wrapReturnWithListeners(LocalTransaction.java:59)
	at com.dotcms.aspects.interceptors.WrapInTransactionMethodInterceptor.invoke(WrapInTransactionMethodInterceptor.java:23)
	at com.dotcms.aspects.aspectj.WrapInTransactionAspect.invoke(WrapInTransactionAspect.java:41)
	at com.dotcms.contenttype.business.ContentTypeAPIImpl.delete(ContentTypeAPIImpl.java:81)
	at com.dotcms.contenttype.test.ContentResourceTest.testSinglePOST_InvalidParamsShouldReturn400(ContentResourceTest.java:1326)
	at sun.reflect.NativeMethodAccessorImpl.invoke0(Native Method)
	at sun.reflect.NativeMethodAccessorImpl.invoke(NativeMethodAccessorImpl.java:62)
	at sun.reflect.DelegatingMethodAccessorImpl.invoke(DelegatingMethodAccessorImpl.java:43)
	at java.lang.reflect.Method.invoke(Method.java:498)
	at org.junit.runners.model.FrameworkMethod$1.runReflectiveCall(FrameworkMethod.java:50)
	at org.junit.internal.runners.model.ReflectiveCallable.run(ReflectiveCallable.java:12)
	at org.junit.runners.model.FrameworkMethod.invokeExplosively(FrameworkMethod.java:47)
	at com.tngtech.java.junit.dataprovider.DataProviderFrameworkMethod.invokeExplosively(DataProviderFrameworkMethod.java:119)
	at org.junit.internal.runners.statements.InvokeMethod.evaluate(InvokeMethod.java:17)
	at org.junit.internal.runners.statements.RunBefores.evaluate(RunBefores.java:26)
	at org.junit.internal.runners.statements.RunAfters.evaluate(RunAfters.java:27)
	at org.junit.rules.TestWatcher$1.evaluate(TestWatcher.java:55)
	at org.junit.rules.RunRules.evaluate(RunRules.java:20)
	at org.junit.runners.ParentRunner.runLeaf(ParentRunner.java:325)
	at com.dotcms.junit.CustomDataProviderRunner.runChild(CustomDataProviderRunner.java:28)
	at com.dotcms.junit.CustomDataProviderRunner.runChild(CustomDataProviderRunner.java:13)
	at org.junit.runners.ParentRunner$3.run(ParentRunner.java:290)
	at org.junit.runners.ParentRunner$1.schedule(ParentRunner.java:71)
	at org.junit.runners.ParentRunner.runChildren(ParentRunner.java:288)
	at org.junit.runners.ParentRunner.access$000(ParentRunner.java:58)
	at org.junit.runners.ParentRunner$2.evaluate(ParentRunner.java:268)
	at org.junit.internal.runners.statements.RunBefores.evaluate(RunBefores.java:26)
	at org.junit.internal.runners.statements.RunAfters.evaluate(RunAfters.java:27)
	at org.junit.runners.ParentRunner.run(ParentRunner.java:363)
	at org.junit.runners.Suite.runChild(Suite.java:128)
	at org.junit.runners.Suite.runChild(Suite.java:27)
	at org.junit.runners.ParentRunner$3.run(ParentRunner.java:290)
	at org.junit.runners.ParentRunner$1.schedule(ParentRunner.java:71)
	at org.junit.runners.ParentRunner.runChildren(ParentRunner.java:288)
	at org.junit.runners.ParentRunner.access$000(ParentRunner.java:58)
	at org.junit.runners.ParentRunner$2.evaluate(ParentRunner.java:268)
	at org.junit.runners.ParentRunner.run(ParentRunner.java:363)
	at org.gradle.api.internal.tasks.testing.junit.JUnitTestClassExecuter.runTestClass(JUnitTestClassExecuter.java:114)
	at org.gradle.api.internal.tasks.testing.junit.JUnitTestClassExecuter.execute(JUnitTestClassExecuter.java:57)
	at org.gradle.api.internal.tasks.testing.junit.JUnitTestClassProcessor.processTestClass(JUnitTestClassProcessor.java:66)
	at org.gradle.api.internal.tasks.testing.SuiteTestClassProcessor.processTestClass(SuiteTestClassProcessor.java:51)
	at sun.reflect.NativeMethodAccessorImpl.invoke0(Native Method)
	at sun.reflect.NativeMethodAccessorImpl.invoke(NativeMethodAccessorImpl.java:62)
	at sun.reflect.DelegatingMethodAccessorImpl.invoke(DelegatingMethodAccessorImpl.java:43)
	at java.lang.reflect.Method.invoke(Method.java:498)
	at org.gradle.internal.dispatch.ReflectionDispatch.dispatch(ReflectionDispatch.java:35)
	at org.gradle.internal.dispatch.ReflectionDispatch.dispatch(ReflectionDispatch.java:24)
	at org.gradle.internal.dispatch.ContextClassLoaderDispatch.dispatch(ContextClassLoaderDispatch.java:32)
	at org.gradle.internal.dispatch.ProxyDispatchAdapter$DispatchingInvocationHandler.invoke(ProxyDispatchAdapter.java:93)
	at com.sun.proxy.$Proxy1.processTestClass(Unknown Source)
	at org.gradle.api.internal.tasks.testing.worker.TestWorker.processTestClass(TestWorker.java:108)
	at sun.reflect.NativeMethodAccessorImpl.invoke0(Native Method)
	at sun.reflect.NativeMethodAccessorImpl.invoke(NativeMethodAccessorImpl.java:62)
	at sun.reflect.DelegatingMethodAccessorImpl.invoke(DelegatingMethodAccessorImpl.java:43)
	at java.lang.reflect.Method.invoke(Method.java:498)
	at org.gradle.internal.dispatch.ReflectionDispatch.dispatch(ReflectionDispatch.java:35)
	at org.gradle.internal.dispatch.ReflectionDispatch.dispatch(ReflectionDispatch.java:24)
	at org.gradle.internal.remote.internal.hub.MessageHubBackedObjectConnection$DispatchWrapper.dispatch(MessageHubBackedObjectConnection.java:146)
	at org.gradle.internal.remote.internal.hub.MessageHubBackedObjectConnection$DispatchWrapper.dispatch(MessageHubBackedObjectConnection.java:128)
	at org.gradle.internal.remote.internal.hub.MessageHub$Handler.run(MessageHub.java:404)
	at org.gradle.internal.concurrent.ExecutorPolicy$CatchAndRecordFailures.onExecute(ExecutorPolicy.java:63)
	at org.gradle.internal.concurrent.ManagedExecutorImpl$1.run(ManagedExecutorImpl.java:46)
	at java.util.concurrent.ThreadPoolExecutor.runWorker(ThreadPoolExecutor.java:1149)
	at java.util.concurrent.ThreadPoolExecutor$Worker.run(ThreadPoolExecutor.java:624)
	at org.gradle.internal.concurrent.ThreadFactoryImpl$ManagedThreadRunnable.run(ThreadFactoryImpl.java:55)
	at java.lang.Thread.run(Thread.java:748)
Caused by: com.dotmarketing.exception.DotDataException: ORA-00933: SQL command not properly ended
{
  &quot;SQL&quot;: [&quot;select contentlet.*, inode.owner from contentlet, contentlet_version_info as contentletvi, inode where structure_inode = 'a861e795-d633-4e26-a3e8-fd3728e144e2'  and contentletvi.identifier=contentlet.identifier  and contentletvi.working_inode=contentlet.inode  and contentlet.inode = inode.inode&quot;],
  &quot;maxRows&quot;: [200],
  &quot;offest&quot;: [0]
}
	at com.dotmarketing.common.db.DotConnect.loadResult(DotConnect.java:273)
	at com.dotmarketing.common.db.DotConnect.loadObjectResults(DotConnect.java:925)
	at com.dotcms.content.elasticsearch.business.ESContentFactoryImpl.findByStructure(ESContentFactoryImpl.java:1028)
	at com.dotcms.content.elasticsearch.business.ESContentFactoryImpl.findByStructure(ESContentFactoryImpl.java:984)
	at com.dotcms.content.elasticsearch.business.ESContentletAPIImpl.findByStructure_aroundBody8(ESContentletAPIImpl.java:359)
	at com.dotcms.content.elasticsearch.business.ESContentletAPIImpl$AjcClosure9.run(ESContentletAPIImpl.java:1)
	at org.aspectj.runtime.reflect.JoinPointImpl.proceed(JoinPointImpl.java:149)
	at com.dotcms.aspects.aspectj.AspectJDelegateMethodInvocation.proceed(AspectJDelegateMethodInvocation.java:42)
	at com.dotcms.aspects.interceptors.CloseDBIfOpenedMethodInterceptor.invoke(CloseDBIfOpenedMethodInterceptor.java:29)
	at com.dotcms.aspects.aspectj.CloseDBIfOpenedAspect.invoke(CloseDBIfOpenedAspect.java:41)
	at com.dotcms.content.elasticsearch.business.ESContentletAPIImpl.findByStructure(ESContentletAPIImpl.java:358)
	at com.dotmarketing.portlets.contentlet.business.ContentletAPIInterceptor.findByStructure(ContentletAPIInterceptor.java:816)
	at com.dotcms.contenttype.business.ContentTypeFactoryImpl.deleteContentletsByType(ContentTypeFactoryImpl.java:629)
	at com.dotcms.contenttype.business.ContentTypeFactoryImpl.dbDelete(ContentTypeFactoryImpl.java:520)
	at com.dotcms.contenttype.business.ContentTypeFactoryImpl.delete(ContentTypeFactoryImpl.java:130)
	at com.dotcms.contenttype.business.ContentTypeAPIImpl.delete_aroundBody0(ContentTypeAPIImpl.java:85)
	... 69 more
Caused by: java.sql.SQLSyntaxErrorException: ORA-00933: SQL command not properly ended

	at oracle.jdbc.driver.T4CTTIoer11.processError(T4CTTIoer11.java:509)
	at oracle.jdbc.driver.T4CTTIoer11.processError(T4CTTIoer11.java:461)
	at oracle.jdbc.driver.T4C8Oall.processError(T4C8Oall.java:1104)
	at oracle.jdbc.driver.T4CTTIfun.receive(T4CTTIfun.java:550)
	at oracle.jdbc.driver.T4CTTIfun.doRPC(T4CTTIfun.java:268)
	at oracle.jdbc.driver.T4C8Oall.doOALL(T4C8Oall.java:655)
	at oracle.jdbc.driver.T4CStatement.doOall8(T4CStatement.java:229)
	at oracle.jdbc.driver.T4CStatement.doOall8(T4CStatement.java:41)
	at oracle.jdbc.driver.T4CStatement.executeForDescribe(T4CStatement.java:765)
	at oracle.jdbc.driver.OracleStatement.executeMaybeDescribe(OracleStatement.java:983)
	at oracle.jdbc.driver.OracleStatement.doExecuteWithTimeout(OracleStatement.java:1168)
	at oracle.jdbc.driver.OracleStatement.executeQuery(OracleStatement.java:1362)
	at oracle.jdbc.driver.OracleStatementWrapper.executeQuery(OracleStatementWrapper.java:369)
	at com.zaxxer.hikari.pool.ProxyStatement.executeQuery(ProxyStatement.java:111)
	at com.zaxxer.hikari.pool.HikariProxyStatement.executeQuery(HikariProxyStatement.java)
	at com.dotmarketing.common.db.DotConnect.executeQuery(DotConnect.java:646)
	at com.dotmarketing.common.db.DotConnect.executeQuery(DotConnect.java:532)
	at com.dotmarketing.common.db.DotConnect.loadResult(DotConnect.java:271)
	... 84 more
Caused by: Error : 933, Position : 74, Sql = select contentlet.*, inode.owner from contentlet, contentlet_version_info as contentletvi, inode where structure_inode = 'a861e795-d633-4e26-a3e8-fd3728e144e2'  and contentletvi.identifier=contentlet.identifier  and contentletvi.working_inode=contentlet.inode  and contentlet.inode = inode.inode, OriginalSql = select contentlet.*, inode.owner from contentlet, contentlet_version_info as contentletvi, inode where structure_inode = 'a861e795-d633-4e26-a3e8-fd3728e144e2'  and contentletvi.identifier=contentlet.identifier  and contentletvi.working_inode=contentlet.inode  and contentlet.inode = inode.inode, Error Msg = ORA-00933: SQL command not properly ended

	at oracle.jdbc.driver.T4CTTIoer11.processError(T4CTTIoer11.java:513)
	... 101 more
</pre>
</span>
</div>
</div>
<div id="tab1" class="tab">
<h2>Tests</h2>
<table>
<thead>
<tr>
<th>Test</th>
<th>Duration</th>
<th>Result</th>
</tr>
</thead>
<tr>
<td class="failures">Test_Save_Action_Remove_Image_Then_Verify_Fields_Were_Cleared_Issue_15340</td>
<td>0.574s</td>
<td class="failures">failed</td>
</tr>
<tr>
<td class="failures">Test_Save_Action_Send_Fields_SubSet_Issue_15340</td>
<td>0.413s</td>
<td class="failures">failed</td>
</tr>
<tr>
<td class="failures">Test_Save_Action_Set_Null_To_Required_NumericField_Issue_15340</td>
<td>0.233s</td>
<td class="failures">failed</td>
</tr>
<tr>
<td class="failures">Test_Save_Action_Set_Words_To_Required_NumericField_Issue_15340</td>
<td>0.713s</td>
<td class="failures">failed</td>
</tr>
<tr>
<td class="success">testGetContentWithAllCategoriesInfo[0: json]</td>
<td>0.414s</td>
<td class="success">passed</td>
</tr>
<tr>
<td class="success">testGetContentWithAllCategoriesInfo[1: xml]</td>
<td>0.484s</td>
<td class="success">passed</td>
</tr>
<tr>
<td class="success">testGetContentWithRelatedParameter[0: com.dotcms.contenttype.test.ContentResourceTest$PullRelatedTestCase@71bd7322]</td>
<td>2.999s</td>
<td class="success">passed</td>
</tr>
<tr>
<td class="success">testGetContentWithRelatedParameter[1: com.dotcms.contenttype.test.ContentResourceTest$PullRelatedTestCase@433a941b]</td>
<td>3.062s</td>
<td class="success">passed</td>
</tr>
<tr>
<td class="success">testGetContentWithRelatedParameter[2: com.dotcms.contenttype.test.ContentResourceTest$PullRelatedTestCase@3cc8c6f7]</td>
<td>3.013s</td>
<td class="success">passed</td>
</tr>
<tr>
<td class="success">testGetContentWithRelatedParameter[3: com.dotcms.contenttype.test.ContentResourceTest$PullRelatedTestCase@235ae8f6]</td>
<td>2.003s</td>
<td class="success">passed</td>
</tr>
<tr>
<td class="success">testGetContentWithRelatedParameter[4: com.dotcms.contenttype.test.ContentResourceTest$PullRelatedTestCase@39e4bbdc]</td>
<td>2.080s</td>
<td class="success">passed</td>
</tr>
<tr>
<td class="failures">testSinglePOST_InvalidParamsShouldReturn400[0: ({\n    &quot;stInode&quot; : &quot;InvalidValue&quot;,\n    &quot;numeric&quot; : &quot;0&quot;,\n    &quot;image&quot; : &quot;whatever&quot;\n}, Bad Request)]</td>
<td>0.158s</td>
<td class="failures">failed</td>
</tr>
<tr>
<td class="failures">testSinglePOST_InvalidParamsShouldReturn400[1: ({\n    &quot;numeric&quot; : &quot;0&quot;,\n    &quot;image&quot; : &quot;whatever&quot;\n}, Bad Request)]</td>
<td>0.160s</td>
<td class="failures">failed</td>
</tr>
<tr>
<td class="success">test_getContentWithMultipleSelfRelated_shouldReturnRelationships[0: com.dotcms.contenttype.test.ContentResourceTest$PullSelfRelatedTestCase@4d214239]</td>
<td>0.994s</td>
<td class="success">passed</td>
</tr>
<tr>
<td class="success">test_getContentWithMultipleSelfRelated_shouldReturnRelationships[1: com.dotcms.contenttype.test.ContentResourceTest$PullSelfRelatedTestCase@42e20db2]</td>
<td>0.973s</td>
<td class="success">passed</td>
</tr>
<tr>
<td class="success">test_getContent_includeGrandChildCategory_success</td>
<td>0.395s</td>
<td class="success">passed</td>
</tr>
<tr>
<td class="success">test_getContent_shouldReturnRelationships[0: com.dotcms.contenttype.test.ContentResourceTest$TestCase@2ee96ab7]</td>
<td>2.538s</td>
<td class="success">passed</td>
</tr>
<tr>
<td class="success">test_getContent_shouldReturnRelationships[10: com.dotcms.contenttype.test.ContentResourceTest$TestCase@75eb4429]</td>
<td>2.032s</td>
<td class="success">passed</td>
</tr>
<tr>
<td class="success">test_getContent_shouldReturnRelationships[11: com.dotcms.contenttype.test.ContentResourceTest$TestCase@c0e7b4f]</td>
<td>2.047s</td>
<td class="success">passed</td>
</tr>
<tr>
<td class="success">test_getContent_shouldReturnRelationships[12: com.dotcms.contenttype.test.ContentResourceTest$TestCase@21346a3a]</td>
<td>2.042s</td>
<td class="success">passed</td>
</tr>
<tr>
<td class="success">test_getContent_shouldReturnRelationships[13: com.dotcms.contenttype.test.ContentResourceTest$TestCase@45d5001e]</td>
<td>2.061s</td>
<td class="success">passed</td>
</tr>
<tr>
<td class="success">test_getContent_shouldReturnRelationships[14: com.dotcms.contenttype.test.ContentResourceTest$TestCase@6ab0ce81]</td>
<td>2.056s</td>
<td class="success">passed</td>
</tr>
<tr>
<td class="success">test_getContent_shouldReturnRelationships[15: com.dotcms.contenttype.test.ContentResourceTest$TestCase@159b049b]</td>
<td>4.230s</td>
<td class="success">passed</td>
</tr>
<tr>
<td class="success">test_getContent_shouldReturnRelationships[16: com.dotcms.contenttype.test.ContentResourceTest$TestCase@177cd9a8]</td>
<td>3.980s</td>
<td class="success">passed</td>
</tr>
<tr>
<td class="success">test_getContent_shouldReturnRelationships[17: com.dotcms.contenttype.test.ContentResourceTest$TestCase@7a44eea9]</td>
<td>2.028s</td>
<td class="success">passed</td>
</tr>
<tr>
<td class="success">test_getContent_shouldReturnRelationships[18: com.dotcms.contenttype.test.ContentResourceTest$TestCase@16ece3a6]</td>
<td>2.051s</td>
<td class="success">passed</td>
</tr>
<tr>
<td class="success">test_getContent_shouldReturnRelationships[19: com.dotcms.contenttype.test.ContentResourceTest$TestCase@5b9e823c]</td>
<td>3.065s</td>
<td class="success">passed</td>
</tr>
<tr>
<td class="success">test_getContent_shouldReturnRelationships[1: com.dotcms.contenttype.test.ContentResourceTest$TestCase@54ecfee3]</td>
<td>2.092s</td>
<td class="success">passed</td>
</tr>
<tr>
<td class="success">test_getContent_shouldReturnRelationships[20: com.dotcms.contenttype.test.ContentResourceTest$TestCase@2a5eb17e]</td>
<td>2.045s</td>
<td class="success">passed</td>
</tr>
<tr>
<td class="success">test_getContent_shouldReturnRelationships[21: com.dotcms.contenttype.test.ContentResourceTest$TestCase@7732333a]</td>
<td>2.064s</td>
<td class="success">passed</td>
</tr>
<tr>
<td class="success">test_getContent_shouldReturnRelationships[22: com.dotcms.contenttype.test.ContentResourceTest$TestCase@6b20fa9]</td>
<td>2.033s</td>
<td class="success">passed</td>
</tr>
<tr>
<td class="success">test_getContent_shouldReturnRelationships[23: com.dotcms.contenttype.test.ContentResourceTest$TestCase@2912f221]</td>
<td>2.081s</td>
<td class="success">passed</td>
</tr>
<tr>
<td class="success">test_getContent_shouldReturnRelationships[24: com.dotcms.contenttype.test.ContentResourceTest$TestCase@7698733c]</td>
<td>2.045s</td>
<td class="success">passed</td>
</tr>
<tr>
<td class="success">test_getContent_shouldReturnRelationships[25: com.dotcms.contenttype.test.ContentResourceTest$TestCase@10552536]</td>
<td>2.055s</td>
<td class="success">passed</td>
</tr>
<tr>
<td class="success">test_getContent_shouldReturnRelationships[26: com.dotcms.contenttype.test.ContentResourceTest$TestCase@68cbfd2]</td>
<td>2.055s</td>
<td class="success">passed</td>
</tr>
<tr>
<td class="success">test_getContent_shouldReturnRelationships[27: com.dotcms.contenttype.test.ContentResourceTest$TestCase@3831d6d8]</td>
<td>2.036s</td>
<td class="success">passed</td>
</tr>
<tr>
<td class="success">test_getContent_shouldReturnRelationships[28: com.dotcms.contenttype.test.ContentResourceTest$TestCase@d055371]</td>
<td>2.067s</td>
<td class="success">passed</td>
</tr>
<tr>
<td class="success">test_getContent_shouldReturnRelationships[29: com.dotcms.contenttype.test.ContentResourceTest$TestCase@3440ab72]</td>
<td>2.032s</td>
<td class="success">passed</td>
</tr>
<tr>
<td class="success">test_getContent_shouldReturnRelationships[2: com.dotcms.contenttype.test.ContentResourceTest$TestCase@2085b1d0]</td>
<td>2.009s</td>
<td class="success">passed</td>
</tr>
<tr>
<td class="success">test_getContent_shouldReturnRelationships[30: com.dotcms.contenttype.test.ContentResourceTest$TestCase@57d1e007]</td>
<td>2.065s</td>
<td class="success">passed</td>
</tr>
<tr>
<td class="success">test_getContent_shouldReturnRelationships[31: com.dotcms.contenttype.test.ContentResourceTest$TestCase@61607b33]</td>
<td>2.047s</td>
<td class="success">passed</td>
</tr>
<tr>
<td class="success">test_getContent_shouldReturnRelationships[32: com.dotcms.contenttype.test.ContentResourceTest$TestCase@465932b5]</td>
<td>4.128s</td>
<td class="success">passed</td>
</tr>
<tr>
<td class="success">test_getContent_shouldReturnRelationships[33: com.dotcms.contenttype.test.ContentResourceTest$TestCase@77f30a37]</td>
<td>4.102s</td>
<td class="success">passed</td>
</tr>
<tr>
<td class="success">test_getContent_shouldReturnRelationships[3: com.dotcms.contenttype.test.ContentResourceTest$TestCase@3ca3d447]</td>
<td>2.058s</td>
<td class="success">passed</td>
</tr>
<tr>
<td class="success">test_getContent_shouldReturnRelationships[4: com.dotcms.contenttype.test.ContentResourceTest$TestCase@59fabdb6]</td>
<td>2.054s</td>
<td class="success">passed</td>
</tr>
<tr>
<td class="success">test_getContent_shouldReturnRelationships[5: com.dotcms.contenttype.test.ContentResourceTest$TestCase@6ad25b8c]</td>
<td>2.043s</td>
<td class="success">passed</td>
</tr>
<tr>
<td class="success">test_getContent_shouldReturnRelationships[6: com.dotcms.contenttype.test.ContentResourceTest$TestCase@67d47c37]</td>
<td>2.028s</td>
<td class="success">passed</td>
</tr>
<tr>
<td class="success">test_getContent_shouldReturnRelationships[7: com.dotcms.contenttype.test.ContentResourceTest$TestCase@45f78d66]</td>
<td>2.061s</td>
<td class="success">passed</td>
</tr>
<tr>
<td class="success">test_getContent_shouldReturnRelationships[8: com.dotcms.contenttype.test.ContentResourceTest$TestCase@49ec8f63]</td>
<td>2.036s</td>
<td class="success">passed</td>
</tr>
<tr>
<td class="success">test_getContent_shouldReturnRelationships[9: com.dotcms.contenttype.test.ContentResourceTest$TestCase@319aa3e9]</td>
<td>2.054s</td>
<td class="success">passed</td>
</tr>
</table>
</div>
<div id="tab2" class="tab">
<h2>Standard output</h2>
<span class="code">
<pre>











</pre>
</span>
</div>
</div>
<div id="footer">
<p>
<div>
<label class="hidden" id="label-for-line-wrapping-toggle" for="line-wrapping-toggle">Wrap lines
<input id="line-wrapping-toggle" type="checkbox" autocomplete="off"/>
</label>
</div>Generated by 
<a href="http://www.gradle.org">Gradle 4.4.1</a> at Oct 19, 2020 7:10:36 PM</p>
</div>
</div>
</body>
</html>
