<!DOCTYPE html>
<html>
<head>
<meta http-equiv="Content-Type" content="text/html; charset=utf-8"/>
<meta http-equiv="x-ua-compatible" content="IE=edge"/>
<title>Test results - Class com.dotcms.rendering.velocity.services.HTMLPageAssetRenderedTest</title>
<link href="../css/base-style.css" rel="stylesheet" type="text/css"/>
<link href="../css/style.css" rel="stylesheet" type="text/css"/>
<script src="../js/report.js" type="text/javascript"></script>
</head>
<body>
<div id="content">
<h1>Class com.dotcms.rendering.velocity.services.HTMLPageAssetRenderedTest</h1>
<div class="breadcrumbs">
<a href="../index.html">all</a> &gt; 
<a href="../packages/com.dotcms.rendering.velocity.services.html">com.dotcms.rendering.velocity.services</a> &gt; HTMLPageAssetRenderedTest</div>
<div id="summary">
<table>
<tr>
<td>
<div class="summaryGroup">
<table>
<tr>
<td>
<div class="infoBox" id="tests">
<div class="counter">47</div>
<p>tests</p>
</div>
</td>
<td>
<div class="infoBox" id="failures">
<div class="counter">5</div>
<p>failures</p>
</div>
</td>
<td>
<div class="infoBox" id="ignored">
<div class="counter">0</div>
<p>ignored</p>
</div>
</td>
<td>
<div class="infoBox" id="duration">
<div class="counter">3m2.07s</div>
<p>duration</p>
</div>
</td>
</tr>
</table>
</div>
</td>
<td>
<div class="infoBox failures" id="successRate">
<div class="percent">89%</div>
<p>successful</p>
</div>
</td>
</tr>
</table>
</div>
<div id="tabs">
<ul class="tabLinks">
<li>
<a href="#tab0">Failed tests</a>
</li>
<li>
<a href="#tab1">Tests</a>
</li>
</ul>
<div id="tab0" class="tab">
<h2>Failed tests</h2>
<div class="test">
<a name="constantField_notUpdatedCache_whenChanged[0: com.dotmarketing.portlets.containers.model.Container@2a8f95cd[code=&lt;null&gt;,maxContentlets=5,useDiv=false,sortContentletsBy=&lt;null&gt;,preLoop=&lt;null&gt;,postLoop=&lt;null&gt;,staticify=false,luceneQuery=&lt;null&gt;,notes=&lt;null&gt;,source=DB,title=containerHTMLPageRenderedTest1603151123759,friendlyName=containerHTMLPageRenderedTest1603151123759,modDate=Mon Oct 19 23:45:23 GMT 2020,modUser=system,sortOrder=0,showOnMenu=false,iDate=Mon Oct 19 23:45:23 GMT 2020,type=containers,owner=system,inode=3391b49d-630f-434b-b5e6-59d61a5ae8a8,identifier=7880951e-060b-4ade-871a-0da0a3ffb429], com.dotmarketing.portlets.templates.model.Template@cb8794fc]"></a>
<h3 class="failures">constantField_notUpdatedCache_whenChanged[0: com.dotmarketing.portlets.containers.model.Container@2a8f95cd[code=&lt;null&gt;,maxContentlets=5,useDiv=false,sortContentletsBy=&lt;null&gt;,preLoop=&lt;null&gt;,postLoop=&lt;null&gt;,staticify=false,luceneQuery=&lt;null&gt;,notes=&lt;null&gt;,source=DB,title=containerHTMLPageRenderedTest1603151123759,friendlyName=containerHTMLPageRenderedTest1603151123759,modDate=Mon Oct 19 23:45:23 GMT 2020,modUser=system,sortOrder=0,showOnMenu=false,iDate=Mon Oct 19 23:45:23 GMT 2020,type=containers,owner=system,inode=3391b49d-630f-434b-b5e6-59d61a5ae8a8,identifier=7880951e-060b-4ade-871a-0da0a3ffb429], com.dotmarketing.portlets.templates.model.Template@cb8794fc]</h3>
<span class="code">
<pre>com.dotcms.exception.BaseRuntimeInternationalizationException: com.dotmarketing.exception.DotDataException: ORA-00933: SQL command not properly ended
{
  &quot;SQL&quot;: [&quot;select contentlet.*, inode.owner from contentlet, contentlet_version_info as contentletvi, inode where structure_inode = 'b90dd617-cc22-4183-b2d0-788457670b08'  and contentletvi.identifier=contentlet.identifier  and contentletvi.working_inode=contentlet.inode  and contentlet.inode = inode.inode&quot;],
  &quot;maxRows&quot;: [200],
  &quot;offest&quot;: [0]
}
	at com.dotcms.contenttype.business.ContentTypeAPIImpl.delete_aroundBody0(ContentTypeAPIImpl.java:88)
	at com.dotcms.contenttype.business.ContentTypeAPIImpl$AjcClosure1.run(ContentTypeAPIImpl.java:1)
	at org.aspectj.runtime.reflect.JoinPointImpl.proceed(JoinPointImpl.java:149)
	at com.dotcms.aspects.aspectj.AspectJDelegateMethodInvocation.proceed(AspectJDelegateMethodInvocation.java:42)
	at com.dotmarketing.db.LocalTransaction.wrapReturnWithListeners(LocalTransaction.java:59)
	at com.dotcms.aspects.interceptors.WrapInTransactionMethodInterceptor.invoke(WrapInTransactionMethodInterceptor.java:23)
	at com.dotcms.aspects.aspectj.WrapInTransactionAspect.invoke(WrapInTransactionAspect.java:41)
	at com.dotcms.contenttype.business.ContentTypeAPIImpl.delete(ContentTypeAPIImpl.java:81)
	at com.dotcms.rendering.velocity.services.HTMLPageAssetRenderedTest.constantField_notUpdatedCache_whenChanged(HTMLPageAssetRenderedTest.java:975)
	at sun.reflect.NativeMethodAccessorImpl.invoke0(Native Method)
	at sun.reflect.NativeMethodAccessorImpl.invoke(NativeMethodAccessorImpl.java:62)
	at sun.reflect.DelegatingMethodAccessorImpl.invoke(DelegatingMethodAccessorImpl.java:43)
	at java.lang.reflect.Method.invoke(Method.java:498)
	at org.junit.runners.model.FrameworkMethod$1.runReflectiveCall(FrameworkMethod.java:50)
	at org.junit.internal.runners.model.ReflectiveCallable.run(ReflectiveCallable.java:12)
	at org.junit.runners.model.FrameworkMethod.invokeExplosively(FrameworkMethod.java:47)
	at com.tngtech.java.junit.dataprovider.DataProviderFrameworkMethod.invokeExplosively(DataProviderFrameworkMethod.java:119)
	at org.junit.internal.runners.statements.InvokeMethod.evaluate(InvokeMethod.java:17)
	at org.junit.rules.TestWatcher$1.evaluate(TestWatcher.java:55)
	at org.junit.rules.RunRules.evaluate(RunRules.java:20)
	at org.junit.runners.ParentRunner.runLeaf(ParentRunner.java:325)
	at com.dotcms.junit.CustomDataProviderRunner.runChild(CustomDataProviderRunner.java:28)
	at com.dotcms.junit.CustomDataProviderRunner.runChild(CustomDataProviderRunner.java:13)
	at org.junit.runners.ParentRunner$3.run(ParentRunner.java:290)
	at org.junit.runners.ParentRunner$1.schedule(ParentRunner.java:71)
	at org.junit.runners.ParentRunner.runChildren(ParentRunner.java:288)
	at org.junit.runners.ParentRunner.access$000(ParentRunner.java:58)
	at org.junit.runners.ParentRunner$2.evaluate(ParentRunner.java:268)
	at org.junit.internal.runners.statements.RunBefores.evaluate(RunBefores.java:26)
	at org.junit.internal.runners.statements.RunAfters.evaluate(RunAfters.java:27)
	at org.junit.runners.ParentRunner.run(ParentRunner.java:363)
	at org.junit.runners.Suite.runChild(Suite.java:128)
	at org.junit.runners.Suite.runChild(Suite.java:27)
	at org.junit.runners.ParentRunner$3.run(ParentRunner.java:290)
	at org.junit.runners.ParentRunner$1.schedule(ParentRunner.java:71)
	at org.junit.runners.ParentRunner.runChildren(ParentRunner.java:288)
	at org.junit.runners.ParentRunner.access$000(ParentRunner.java:58)
	at org.junit.runners.ParentRunner$2.evaluate(ParentRunner.java:268)
	at org.junit.runners.ParentRunner.run(ParentRunner.java:363)
	at org.gradle.api.internal.tasks.testing.junit.JUnitTestClassExecuter.runTestClass(JUnitTestClassExecuter.java:114)
	at org.gradle.api.internal.tasks.testing.junit.JUnitTestClassExecuter.execute(JUnitTestClassExecuter.java:57)
	at org.gradle.api.internal.tasks.testing.junit.JUnitTestClassProcessor.processTestClass(JUnitTestClassProcessor.java:66)
	at org.gradle.api.internal.tasks.testing.SuiteTestClassProcessor.processTestClass(SuiteTestClassProcessor.java:51)
	at sun.reflect.NativeMethodAccessorImpl.invoke0(Native Method)
	at sun.reflect.NativeMethodAccessorImpl.invoke(NativeMethodAccessorImpl.java:62)
	at sun.reflect.DelegatingMethodAccessorImpl.invoke(DelegatingMethodAccessorImpl.java:43)
	at java.lang.reflect.Method.invoke(Method.java:498)
	at org.gradle.internal.dispatch.ReflectionDispatch.dispatch(ReflectionDispatch.java:35)
	at org.gradle.internal.dispatch.ReflectionDispatch.dispatch(ReflectionDispatch.java:24)
	at org.gradle.internal.dispatch.ContextClassLoaderDispatch.dispatch(ContextClassLoaderDispatch.java:32)
	at org.gradle.internal.dispatch.ProxyDispatchAdapter$DispatchingInvocationHandler.invoke(ProxyDispatchAdapter.java:93)
	at com.sun.proxy.$Proxy1.processTestClass(Unknown Source)
	at org.gradle.api.internal.tasks.testing.worker.TestWorker.processTestClass(TestWorker.java:108)
	at sun.reflect.NativeMethodAccessorImpl.invoke0(Native Method)
	at sun.reflect.NativeMethodAccessorImpl.invoke(NativeMethodAccessorImpl.java:62)
	at sun.reflect.DelegatingMethodAccessorImpl.invoke(DelegatingMethodAccessorImpl.java:43)
	at java.lang.reflect.Method.invoke(Method.java:498)
	at org.gradle.internal.dispatch.ReflectionDispatch.dispatch(ReflectionDispatch.java:35)
	at org.gradle.internal.dispatch.ReflectionDispatch.dispatch(ReflectionDispatch.java:24)
	at org.gradle.internal.remote.internal.hub.MessageHubBackedObjectConnection$DispatchWrapper.dispatch(MessageHubBackedObjectConnection.java:146)
	at org.gradle.internal.remote.internal.hub.MessageHubBackedObjectConnection$DispatchWrapper.dispatch(MessageHubBackedObjectConnection.java:128)
	at org.gradle.internal.remote.internal.hub.MessageHub$Handler.run(MessageHub.java:404)
	at org.gradle.internal.concurrent.ExecutorPolicy$CatchAndRecordFailures.onExecute(ExecutorPolicy.java:63)
	at org.gradle.internal.concurrent.ManagedExecutorImpl$1.run(ManagedExecutorImpl.java:46)
	at java.util.concurrent.ThreadPoolExecutor.runWorker(ThreadPoolExecutor.java:1149)
	at java.util.concurrent.ThreadPoolExecutor$Worker.run(ThreadPoolExecutor.java:624)
	at org.gradle.internal.concurrent.ThreadFactoryImpl$ManagedThreadRunnable.run(ThreadFactoryImpl.java:55)
	at java.lang.Thread.run(Thread.java:748)
Caused by: com.dotmarketing.exception.DotDataException: ORA-00933: SQL command not properly ended
{
  &quot;SQL&quot;: [&quot;select contentlet.*, inode.owner from contentlet, contentlet_version_info as contentletvi, inode where structure_inode = 'b90dd617-cc22-4183-b2d0-788457670b08'  and contentletvi.identifier=contentlet.identifier  and contentletvi.working_inode=contentlet.inode  and contentlet.inode = inode.inode&quot;],
  &quot;maxRows&quot;: [200],
  &quot;offest&quot;: [0]
}
	at com.dotmarketing.common.db.DotConnect.loadResult(DotConnect.java:273)
	at com.dotmarketing.common.db.DotConnect.loadObjectResults(DotConnect.java:925)
	at com.dotcms.content.elasticsearch.business.ESContentFactoryImpl.findByStructure(ESContentFactoryImpl.java:1028)
	at com.dotcms.content.elasticsearch.business.ESContentFactoryImpl.findByStructure(ESContentFactoryImpl.java:984)
	at com.dotcms.content.elasticsearch.business.ESContentletAPIImpl.findByStructure_aroundBody8(ESContentletAPIImpl.java:359)
	at com.dotcms.content.elasticsearch.business.ESContentletAPIImpl$AjcClosure9.run(ESContentletAPIImpl.java:1)
	at org.aspectj.runtime.reflect.JoinPointImpl.proceed(JoinPointImpl.java:149)
	at com.dotcms.aspects.aspectj.AspectJDelegateMethodInvocation.proceed(AspectJDelegateMethodInvocation.java:42)
	at com.dotcms.aspects.interceptors.CloseDBIfOpenedMethodInterceptor.invoke(CloseDBIfOpenedMethodInterceptor.java:29)
	at com.dotcms.aspects.aspectj.CloseDBIfOpenedAspect.invoke(CloseDBIfOpenedAspect.java:41)
	at com.dotcms.content.elasticsearch.business.ESContentletAPIImpl.findByStructure(ESContentletAPIImpl.java:358)
	at com.dotmarketing.portlets.contentlet.business.ContentletAPIInterceptor.findByStructure(ContentletAPIInterceptor.java:816)
	at com.dotcms.contenttype.business.ContentTypeFactoryImpl.deleteContentletsByType(ContentTypeFactoryImpl.java:629)
	at com.dotcms.contenttype.business.ContentTypeFactoryImpl.dbDelete(ContentTypeFactoryImpl.java:520)
	at com.dotcms.contenttype.business.ContentTypeFactoryImpl.delete(ContentTypeFactoryImpl.java:130)
	at com.dotcms.contenttype.business.ContentTypeAPIImpl.delete_aroundBody0(ContentTypeAPIImpl.java:85)
	... 67 more
Caused by: java.sql.SQLSyntaxErrorException: ORA-00933: SQL command not properly ended

	at oracle.jdbc.driver.T4CTTIoer11.processError(T4CTTIoer11.java:509)
	at oracle.jdbc.driver.T4CTTIoer11.processError(T4CTTIoer11.java:461)
	at oracle.jdbc.driver.T4C8Oall.processError(T4C8Oall.java:1104)
	at oracle.jdbc.driver.T4CTTIfun.receive(T4CTTIfun.java:550)
	at oracle.jdbc.driver.T4CTTIfun.doRPC(T4CTTIfun.java:268)
	at oracle.jdbc.driver.T4C8Oall.doOALL(T4C8Oall.java:655)
	at oracle.jdbc.driver.T4CStatement.doOall8(T4CStatement.java:229)
	at oracle.jdbc.driver.T4CStatement.doOall8(T4CStatement.java:41)
	at oracle.jdbc.driver.T4CStatement.executeForDescribe(T4CStatement.java:765)
	at oracle.jdbc.driver.OracleStatement.executeMaybeDescribe(OracleStatement.java:983)
	at oracle.jdbc.driver.OracleStatement.doExecuteWithTimeout(OracleStatement.java:1168)
	at oracle.jdbc.driver.OracleStatement.executeQuery(OracleStatement.java:1362)
	at oracle.jdbc.driver.OracleStatementWrapper.executeQuery(OracleStatementWrapper.java:369)
	at com.zaxxer.hikari.pool.ProxyStatement.executeQuery(ProxyStatement.java:111)
	at com.zaxxer.hikari.pool.HikariProxyStatement.executeQuery(HikariProxyStatement.java)
	at com.dotmarketing.common.db.DotConnect.executeQuery(DotConnect.java:646)
	at com.dotmarketing.common.db.DotConnect.executeQuery(DotConnect.java:532)
	at com.dotmarketing.common.db.DotConnect.loadResult(DotConnect.java:271)
	... 82 more
Caused by: Error : 933, Position : 74, Sql = select contentlet.*, inode.owner from contentlet, contentlet_version_info as contentletvi, inode where structure_inode = 'b90dd617-cc22-4183-b2d0-788457670b08'  and contentletvi.identifier=contentlet.identifier  and contentletvi.working_inode=contentlet.inode  and contentlet.inode = inode.inode, OriginalSql = select contentlet.*, inode.owner from contentlet, contentlet_version_info as contentletvi, inode where structure_inode = 'b90dd617-cc22-4183-b2d0-788457670b08'  and contentletvi.identifier=contentlet.identifier  and contentletvi.working_inode=contentlet.inode  and contentlet.inode = inode.inode, Error Msg = ORA-00933: SQL command not properly ended

	at oracle.jdbc.driver.T4CTTIoer11.processError(T4CTTIoer11.java:513)
	... 99 more
</pre>
</span>
</div>
<div class="test">
<a name="constantField_notUpdatedCache_whenChanged[1: com.dotmarketing.portlets.containers.model.FileAssetContainer@10278ba6[languageId=1,host=test1603151110199.dotcms.com,path=/application/containers/containerHTMLPageRenderedTest1603151124287/,code=&lt;null&gt;,maxContentlets=25,useDiv=false,sortContentletsBy=&lt;null&gt;,preLoop=&lt;null&gt;,postLoop=&lt;null&gt;,staticify=false,luceneQuery=&lt;null&gt;,notes=Medium Column:Blog,Events,Generic,Location,Media,News,Documents,Products,source=FILE,title=Test Container,friendlyName=container7532798903934035960,modDate=Mon Oct 19 23:45:24 GMT 2020,modUser=system,sortOrder=0,showOnMenu=false,iDate=Mon Oct 19 23:45:24 GMT 2020,type=containers,owner=system,inode=84358c96-672f-489b-94d1-dbb81ec00108,identifier=c39dd1fd-809d-4d54-894b-f953c4eb9fcb], com.dotmarketing.portlets.templates.model.Template@b6542210]"></a>
<h3 class="failures">constantField_notUpdatedCache_whenChanged[1: com.dotmarketing.portlets.containers.model.FileAssetContainer@10278ba6[languageId=1,host=test1603151110199.dotcms.com,path=/application/containers/containerHTMLPageRenderedTest1603151124287/,code=&lt;null&gt;,maxContentlets=25,useDiv=false,sortContentletsBy=&lt;null&gt;,preLoop=&lt;null&gt;,postLoop=&lt;null&gt;,staticify=false,luceneQuery=&lt;null&gt;,notes=Medium Column:Blog,Events,Generic,Location,Media,News,Documents,Products,source=FILE,title=Test Container,friendlyName=container7532798903934035960,modDate=Mon Oct 19 23:45:24 GMT 2020,modUser=system,sortOrder=0,showOnMenu=false,iDate=Mon Oct 19 23:45:24 GMT 2020,type=containers,owner=system,inode=84358c96-672f-489b-94d1-dbb81ec00108,identifier=c39dd1fd-809d-4d54-894b-f953c4eb9fcb], com.dotmarketing.portlets.templates.model.Template@b6542210]</h3>
<span class="code">
<pre>com.dotcms.exception.BaseRuntimeInternationalizationException: com.dotmarketing.exception.DotDataException: ORA-00933: SQL command not properly ended
{
  &quot;SQL&quot;: [&quot;select contentlet.*, inode.owner from contentlet, contentlet_version_info as contentletvi, inode where structure_inode = '386df203-4a2b-4713-ada4-05ac17aa9a6d'  and contentletvi.identifier=contentlet.identifier  and contentletvi.working_inode=contentlet.inode  and contentlet.inode = inode.inode&quot;],
  &quot;maxRows&quot;: [200],
  &quot;offest&quot;: [0]
}
	at com.dotcms.contenttype.business.ContentTypeAPIImpl.delete_aroundBody0(ContentTypeAPIImpl.java:88)
	at com.dotcms.contenttype.business.ContentTypeAPIImpl$AjcClosure1.run(ContentTypeAPIImpl.java:1)
	at org.aspectj.runtime.reflect.JoinPointImpl.proceed(JoinPointImpl.java:149)
	at com.dotcms.aspects.aspectj.AspectJDelegateMethodInvocation.proceed(AspectJDelegateMethodInvocation.java:42)
	at com.dotmarketing.db.LocalTransaction.wrapReturnWithListeners(LocalTransaction.java:59)
	at com.dotcms.aspects.interceptors.WrapInTransactionMethodInterceptor.invoke(WrapInTransactionMethodInterceptor.java:23)
	at com.dotcms.aspects.aspectj.WrapInTransactionAspect.invoke(WrapInTransactionAspect.java:41)
	at com.dotcms.contenttype.business.ContentTypeAPIImpl.delete(ContentTypeAPIImpl.java:81)
	at com.dotcms.rendering.velocity.services.HTMLPageAssetRenderedTest.constantField_notUpdatedCache_whenChanged(HTMLPageAssetRenderedTest.java:975)
	at sun.reflect.NativeMethodAccessorImpl.invoke0(Native Method)
	at sun.reflect.NativeMethodAccessorImpl.invoke(NativeMethodAccessorImpl.java:62)
	at sun.reflect.DelegatingMethodAccessorImpl.invoke(DelegatingMethodAccessorImpl.java:43)
	at java.lang.reflect.Method.invoke(Method.java:498)
	at org.junit.runners.model.FrameworkMethod$1.runReflectiveCall(FrameworkMethod.java:50)
	at org.junit.internal.runners.model.ReflectiveCallable.run(ReflectiveCallable.java:12)
	at org.junit.runners.model.FrameworkMethod.invokeExplosively(FrameworkMethod.java:47)
	at com.tngtech.java.junit.dataprovider.DataProviderFrameworkMethod.invokeExplosively(DataProviderFrameworkMethod.java:119)
	at org.junit.internal.runners.statements.InvokeMethod.evaluate(InvokeMethod.java:17)
	at org.junit.rules.TestWatcher$1.evaluate(TestWatcher.java:55)
	at org.junit.rules.RunRules.evaluate(RunRules.java:20)
	at org.junit.runners.ParentRunner.runLeaf(ParentRunner.java:325)
	at com.dotcms.junit.CustomDataProviderRunner.runChild(CustomDataProviderRunner.java:28)
	at com.dotcms.junit.CustomDataProviderRunner.runChild(CustomDataProviderRunner.java:13)
	at org.junit.runners.ParentRunner$3.run(ParentRunner.java:290)
	at org.junit.runners.ParentRunner$1.schedule(ParentRunner.java:71)
	at org.junit.runners.ParentRunner.runChildren(ParentRunner.java:288)
	at org.junit.runners.ParentRunner.access$000(ParentRunner.java:58)
	at org.junit.runners.ParentRunner$2.evaluate(ParentRunner.java:268)
	at org.junit.internal.runners.statements.RunBefores.evaluate(RunBefores.java:26)
	at org.junit.internal.runners.statements.RunAfters.evaluate(RunAfters.java:27)
	at org.junit.runners.ParentRunner.run(ParentRunner.java:363)
	at org.junit.runners.Suite.runChild(Suite.java:128)
	at org.junit.runners.Suite.runChild(Suite.java:27)
	at org.junit.runners.ParentRunner$3.run(ParentRunner.java:290)
	at org.junit.runners.ParentRunner$1.schedule(ParentRunner.java:71)
	at org.junit.runners.ParentRunner.runChildren(ParentRunner.java:288)
	at org.junit.runners.ParentRunner.access$000(ParentRunner.java:58)
	at org.junit.runners.ParentRunner$2.evaluate(ParentRunner.java:268)
	at org.junit.runners.ParentRunner.run(ParentRunner.java:363)
	at org.gradle.api.internal.tasks.testing.junit.JUnitTestClassExecuter.runTestClass(JUnitTestClassExecuter.java:114)
	at org.gradle.api.internal.tasks.testing.junit.JUnitTestClassExecuter.execute(JUnitTestClassExecuter.java:57)
	at org.gradle.api.internal.tasks.testing.junit.JUnitTestClassProcessor.processTestClass(JUnitTestClassProcessor.java:66)
	at org.gradle.api.internal.tasks.testing.SuiteTestClassProcessor.processTestClass(SuiteTestClassProcessor.java:51)
	at sun.reflect.NativeMethodAccessorImpl.invoke0(Native Method)
	at sun.reflect.NativeMethodAccessorImpl.invoke(NativeMethodAccessorImpl.java:62)
	at sun.reflect.DelegatingMethodAccessorImpl.invoke(DelegatingMethodAccessorImpl.java:43)
	at java.lang.reflect.Method.invoke(Method.java:498)
	at org.gradle.internal.dispatch.ReflectionDispatch.dispatch(ReflectionDispatch.java:35)
	at org.gradle.internal.dispatch.ReflectionDispatch.dispatch(ReflectionDispatch.java:24)
	at org.gradle.internal.dispatch.ContextClassLoaderDispatch.dispatch(ContextClassLoaderDispatch.java:32)
	at org.gradle.internal.dispatch.ProxyDispatchAdapter$DispatchingInvocationHandler.invoke(ProxyDispatchAdapter.java:93)
	at com.sun.proxy.$Proxy1.processTestClass(Unknown Source)
	at org.gradle.api.internal.tasks.testing.worker.TestWorker.processTestClass(TestWorker.java:108)
	at sun.reflect.NativeMethodAccessorImpl.invoke0(Native Method)
	at sun.reflect.NativeMethodAccessorImpl.invoke(NativeMethodAccessorImpl.java:62)
	at sun.reflect.DelegatingMethodAccessorImpl.invoke(DelegatingMethodAccessorImpl.java:43)
	at java.lang.reflect.Method.invoke(Method.java:498)
	at org.gradle.internal.dispatch.ReflectionDispatch.dispatch(ReflectionDispatch.java:35)
	at org.gradle.internal.dispatch.ReflectionDispatch.dispatch(ReflectionDispatch.java:24)
	at org.gradle.internal.remote.internal.hub.MessageHubBackedObjectConnection$DispatchWrapper.dispatch(MessageHubBackedObjectConnection.java:146)
	at org.gradle.internal.remote.internal.hub.MessageHubBackedObjectConnection$DispatchWrapper.dispatch(MessageHubBackedObjectConnection.java:128)
	at org.gradle.internal.remote.internal.hub.MessageHub$Handler.run(MessageHub.java:404)
	at org.gradle.internal.concurrent.ExecutorPolicy$CatchAndRecordFailures.onExecute(ExecutorPolicy.java:63)
	at org.gradle.internal.concurrent.ManagedExecutorImpl$1.run(ManagedExecutorImpl.java:46)
	at java.util.concurrent.ThreadPoolExecutor.runWorker(ThreadPoolExecutor.java:1149)
	at java.util.concurrent.ThreadPoolExecutor$Worker.run(ThreadPoolExecutor.java:624)
	at org.gradle.internal.concurrent.ThreadFactoryImpl$ManagedThreadRunnable.run(ThreadFactoryImpl.java:55)
	at java.lang.Thread.run(Thread.java:748)
Caused by: com.dotmarketing.exception.DotDataException: ORA-00933: SQL command not properly ended
{
  &quot;SQL&quot;: [&quot;select contentlet.*, inode.owner from contentlet, contentlet_version_info as contentletvi, inode where structure_inode = '386df203-4a2b-4713-ada4-05ac17aa9a6d'  and contentletvi.identifier=contentlet.identifier  and contentletvi.working_inode=contentlet.inode  and contentlet.inode = inode.inode&quot;],
  &quot;maxRows&quot;: [200],
  &quot;offest&quot;: [0]
}
	at com.dotmarketing.common.db.DotConnect.loadResult(DotConnect.java:273)
	at com.dotmarketing.common.db.DotConnect.loadObjectResults(DotConnect.java:925)
	at com.dotcms.content.elasticsearch.business.ESContentFactoryImpl.findByStructure(ESContentFactoryImpl.java:1028)
	at com.dotcms.content.elasticsearch.business.ESContentFactoryImpl.findByStructure(ESContentFactoryImpl.java:984)
	at com.dotcms.content.elasticsearch.business.ESContentletAPIImpl.findByStructure_aroundBody8(ESContentletAPIImpl.java:359)
	at com.dotcms.content.elasticsearch.business.ESContentletAPIImpl$AjcClosure9.run(ESContentletAPIImpl.java:1)
	at org.aspectj.runtime.reflect.JoinPointImpl.proceed(JoinPointImpl.java:149)
	at com.dotcms.aspects.aspectj.AspectJDelegateMethodInvocation.proceed(AspectJDelegateMethodInvocation.java:42)
	at com.dotcms.aspects.interceptors.CloseDBIfOpenedMethodInterceptor.invoke(CloseDBIfOpenedMethodInterceptor.java:29)
	at com.dotcms.aspects.aspectj.CloseDBIfOpenedAspect.invoke(CloseDBIfOpenedAspect.java:41)
	at com.dotcms.content.elasticsearch.business.ESContentletAPIImpl.findByStructure(ESContentletAPIImpl.java:358)
	at com.dotmarketing.portlets.contentlet.business.ContentletAPIInterceptor.findByStructure(ContentletAPIInterceptor.java:816)
	at com.dotcms.contenttype.business.ContentTypeFactoryImpl.deleteContentletsByType(ContentTypeFactoryImpl.java:629)
	at com.dotcms.contenttype.business.ContentTypeFactoryImpl.dbDelete(ContentTypeFactoryImpl.java:520)
	at com.dotcms.contenttype.business.ContentTypeFactoryImpl.delete(ContentTypeFactoryImpl.java:130)
	at com.dotcms.contenttype.business.ContentTypeAPIImpl.delete_aroundBody0(ContentTypeAPIImpl.java:85)
	... 67 more
Caused by: java.sql.SQLSyntaxErrorException: ORA-00933: SQL command not properly ended

	at oracle.jdbc.driver.T4CTTIoer11.processError(T4CTTIoer11.java:509)
	at oracle.jdbc.driver.T4CTTIoer11.processError(T4CTTIoer11.java:461)
	at oracle.jdbc.driver.T4C8Oall.processError(T4C8Oall.java:1104)
	at oracle.jdbc.driver.T4CTTIfun.receive(T4CTTIfun.java:550)
	at oracle.jdbc.driver.T4CTTIfun.doRPC(T4CTTIfun.java:268)
	at oracle.jdbc.driver.T4C8Oall.doOALL(T4C8Oall.java:655)
	at oracle.jdbc.driver.T4CStatement.doOall8(T4CStatement.java:229)
	at oracle.jdbc.driver.T4CStatement.doOall8(T4CStatement.java:41)
	at oracle.jdbc.driver.T4CStatement.executeForDescribe(T4CStatement.java:765)
	at oracle.jdbc.driver.OracleStatement.executeMaybeDescribe(OracleStatement.java:983)
	at oracle.jdbc.driver.OracleStatement.doExecuteWithTimeout(OracleStatement.java:1168)
	at oracle.jdbc.driver.OracleStatement.executeQuery(OracleStatement.java:1362)
	at oracle.jdbc.driver.OracleStatementWrapper.executeQuery(OracleStatementWrapper.java:369)
	at com.zaxxer.hikari.pool.ProxyStatement.executeQuery(ProxyStatement.java:111)
	at com.zaxxer.hikari.pool.HikariProxyStatement.executeQuery(HikariProxyStatement.java)
	at com.dotmarketing.common.db.DotConnect.executeQuery(DotConnect.java:646)
	at com.dotmarketing.common.db.DotConnect.executeQuery(DotConnect.java:532)
	at com.dotmarketing.common.db.DotConnect.loadResult(DotConnect.java:271)
	... 82 more
Caused by: Error : 933, Position : 74, Sql = select contentlet.*, inode.owner from contentlet, contentlet_version_info as contentletvi, inode where structure_inode = '386df203-4a2b-4713-ada4-05ac17aa9a6d'  and contentletvi.identifier=contentlet.identifier  and contentletvi.working_inode=contentlet.inode  and contentlet.inode = inode.inode, OriginalSql = select contentlet.*, inode.owner from contentlet, contentlet_version_info as contentletvi, inode where structure_inode = '386df203-4a2b-4713-ada4-05ac17aa9a6d'  and contentletvi.identifier=contentlet.identifier  and contentletvi.working_inode=contentlet.inode  and contentlet.inode = inode.inode, Error Msg = ORA-00933: SQL command not properly ended

	at oracle.jdbc.driver.T4CTTIoer11.processError(T4CTTIoer11.java:513)
	... 99 more
</pre>
</span>
</div>
<div class="test">
<a name="test_WidgetPreExecuteCodeShowRegardlessPageMode[0: com.dotcms.rendering.velocity.services.HTMLPageAssetRenderedTest$WidgetPreExecuteCodeTestCase@7871619f]"></a>
<h3 class="failures">test_WidgetPreExecuteCodeShowRegardlessPageMode[0: com.dotcms.rendering.velocity.services.HTMLPageAssetRenderedTest$WidgetPreExecuteCodeTestCase@7871619f]</h3>
<span class="code">
<pre>com.dotmarketing.exception.DotDataException: ORA-00933: SQL command not properly ended
{
  &quot;SQL&quot;: [&quot;select contentlet.*, inode.owner from contentlet, contentlet_version_info as contentletvi, inode where structure_inode = '62fdf5d9-91ff-4bd3-bb6e-98e9fe20074b'  and contentletvi.identifier=contentlet.identifier  and contentletvi.working_inode=contentlet.inode  and contentlet.inode = inode.inode&quot;],
  &quot;maxRows&quot;: [500],
  &quot;offest&quot;: [0]
}
	at com.dotmarketing.common.db.DotConnect.loadResult(DotConnect.java:273)
	at com.dotmarketing.common.db.DotConnect.loadObjectResults(DotConnect.java:925)
	at com.dotcms.content.elasticsearch.business.ESContentFactoryImpl.findByStructure(ESContentFactoryImpl.java:1028)
	at com.dotcms.content.elasticsearch.business.ESContentFactoryImpl.findByStructure(ESContentFactoryImpl.java:984)
	at com.dotcms.content.elasticsearch.business.ESContentletAPIImpl.findByStructure_aroundBody8(ESContentletAPIImpl.java:359)
	at com.dotcms.content.elasticsearch.business.ESContentletAPIImpl$AjcClosure9.run(ESContentletAPIImpl.java:1)
	at org.aspectj.runtime.reflect.JoinPointImpl.proceed(JoinPointImpl.java:149)
	at com.dotcms.aspects.aspectj.AspectJDelegateMethodInvocation.proceed(AspectJDelegateMethodInvocation.java:42)
	at com.dotcms.aspects.interceptors.CloseDBIfOpenedMethodInterceptor.invoke(CloseDBIfOpenedMethodInterceptor.java:29)
	at com.dotcms.aspects.aspectj.CloseDBIfOpenedAspect.invoke(CloseDBIfOpenedAspect.java:41)
	at com.dotcms.content.elasticsearch.business.ESContentletAPIImpl.findByStructure(ESContentletAPIImpl.java:358)
	at com.dotcms.content.elasticsearch.business.ESContentletAPIImpl.findByStructure(ESContentletAPIImpl.java:365)
	at com.dotmarketing.portlets.contentlet.business.ContentletAPIInterceptor.findByStructure(ContentletAPIInterceptor.java:800)
	at com.dotcms.rendering.velocity.services.ContentletLoader.invalidate(ContentletLoader.java:543)
	at com.dotcms.contenttype.business.FieldAPIImpl.save_aroundBody0(FieldAPIImpl.java:241)
	at com.dotcms.contenttype.business.FieldAPIImpl$AjcClosure1.run(FieldAPIImpl.java:1)
	at org.aspectj.runtime.reflect.JoinPointImpl.proceed(JoinPointImpl.java:149)
	at com.dotcms.aspects.aspectj.AspectJDelegateMethodInvocation.proceed(AspectJDelegateMethodInvocation.java:42)
	at com.dotmarketing.db.LocalTransaction.wrapReturnWithListeners(LocalTransaction.java:59)
	at com.dotcms.aspects.interceptors.WrapInTransactionMethodInterceptor.invoke(WrapInTransactionMethodInterceptor.java:23)
	at com.dotcms.aspects.aspectj.WrapInTransactionAspect.invoke(WrapInTransactionAspect.java:41)
	at com.dotcms.contenttype.business.FieldAPIImpl.save(FieldAPIImpl.java:134)
	at com.dotcms.rendering.velocity.services.HTMLPageAssetRenderedTest.test_WidgetPreExecuteCodeShowRegardlessPageMode(HTMLPageAssetRenderedTest.java:1447)
	at sun.reflect.NativeMethodAccessorImpl.invoke0(Native Method)
	at sun.reflect.NativeMethodAccessorImpl.invoke(NativeMethodAccessorImpl.java:62)
	at sun.reflect.DelegatingMethodAccessorImpl.invoke(DelegatingMethodAccessorImpl.java:43)
	at java.lang.reflect.Method.invoke(Method.java:498)
	at org.junit.runners.model.FrameworkMethod$1.runReflectiveCall(FrameworkMethod.java:50)
	at org.junit.internal.runners.model.ReflectiveCallable.run(ReflectiveCallable.java:12)
	at org.junit.runners.model.FrameworkMethod.invokeExplosively(FrameworkMethod.java:47)
	at com.tngtech.java.junit.dataprovider.DataProviderFrameworkMethod.invokeExplosively(DataProviderFrameworkMethod.java:119)
	at org.junit.internal.runners.statements.InvokeMethod.evaluate(InvokeMethod.java:17)
	at org.junit.rules.TestWatcher$1.evaluate(TestWatcher.java:55)
	at org.junit.rules.RunRules.evaluate(RunRules.java:20)
	at org.junit.runners.ParentRunner.runLeaf(ParentRunner.java:325)
	at com.dotcms.junit.CustomDataProviderRunner.runChild(CustomDataProviderRunner.java:28)
	at com.dotcms.junit.CustomDataProviderRunner.runChild(CustomDataProviderRunner.java:13)
	at org.junit.runners.ParentRunner$3.run(ParentRunner.java:290)
	at org.junit.runners.ParentRunner$1.schedule(ParentRunner.java:71)
	at org.junit.runners.ParentRunner.runChildren(ParentRunner.java:288)
	at org.junit.runners.ParentRunner.access$000(ParentRunner.java:58)
	at org.junit.runners.ParentRunner$2.evaluate(ParentRunner.java:268)
	at org.junit.internal.runners.statements.RunBefores.evaluate(RunBefores.java:26)
	at org.junit.internal.runners.statements.RunAfters.evaluate(RunAfters.java:27)
	at org.junit.runners.ParentRunner.run(ParentRunner.java:363)
	at org.junit.runners.Suite.runChild(Suite.java:128)
	at org.junit.runners.Suite.runChild(Suite.java:27)
	at org.junit.runners.ParentRunner$3.run(ParentRunner.java:290)
	at org.junit.runners.ParentRunner$1.schedule(ParentRunner.java:71)
	at org.junit.runners.ParentRunner.runChildren(ParentRunner.java:288)
	at org.junit.runners.ParentRunner.access$000(ParentRunner.java:58)
	at org.junit.runners.ParentRunner$2.evaluate(ParentRunner.java:268)
	at org.junit.runners.ParentRunner.run(ParentRunner.java:363)
	at org.gradle.api.internal.tasks.testing.junit.JUnitTestClassExecuter.runTestClass(JUnitTestClassExecuter.java:114)
	at org.gradle.api.internal.tasks.testing.junit.JUnitTestClassExecuter.execute(JUnitTestClassExecuter.java:57)
	at org.gradle.api.internal.tasks.testing.junit.JUnitTestClassProcessor.processTestClass(JUnitTestClassProcessor.java:66)
	at org.gradle.api.internal.tasks.testing.SuiteTestClassProcessor.processTestClass(SuiteTestClassProcessor.java:51)
	at sun.reflect.NativeMethodAccessorImpl.invoke0(Native Method)
	at sun.reflect.NativeMethodAccessorImpl.invoke(NativeMethodAccessorImpl.java:62)
	at sun.reflect.DelegatingMethodAccessorImpl.invoke(DelegatingMethodAccessorImpl.java:43)
	at java.lang.reflect.Method.invoke(Method.java:498)
	at org.gradle.internal.dispatch.ReflectionDispatch.dispatch(ReflectionDispatch.java:35)
	at org.gradle.internal.dispatch.ReflectionDispatch.dispatch(ReflectionDispatch.java:24)
	at org.gradle.internal.dispatch.ContextClassLoaderDispatch.dispatch(ContextClassLoaderDispatch.java:32)
	at org.gradle.internal.dispatch.ProxyDispatchAdapter$DispatchingInvocationHandler.invoke(ProxyDispatchAdapter.java:93)
	at com.sun.proxy.$Proxy1.processTestClass(Unknown Source)
	at org.gradle.api.internal.tasks.testing.worker.TestWorker.processTestClass(TestWorker.java:108)
	at sun.reflect.NativeMethodAccessorImpl.invoke0(Native Method)
	at sun.reflect.NativeMethodAccessorImpl.invoke(NativeMethodAccessorImpl.java:62)
	at sun.reflect.DelegatingMethodAccessorImpl.invoke(DelegatingMethodAccessorImpl.java:43)
	at java.lang.reflect.Method.invoke(Method.java:498)
	at org.gradle.internal.dispatch.ReflectionDispatch.dispatch(ReflectionDispatch.java:35)
	at org.gradle.internal.dispatch.ReflectionDispatch.dispatch(ReflectionDispatch.java:24)
	at org.gradle.internal.remote.internal.hub.MessageHubBackedObjectConnection$DispatchWrapper.dispatch(MessageHubBackedObjectConnection.java:146)
	at org.gradle.internal.remote.internal.hub.MessageHubBackedObjectConnection$DispatchWrapper.dispatch(MessageHubBackedObjectConnection.java:128)
	at org.gradle.internal.remote.internal.hub.MessageHub$Handler.run(MessageHub.java:404)
	at org.gradle.internal.concurrent.ExecutorPolicy$CatchAndRecordFailures.onExecute(ExecutorPolicy.java:63)
	at org.gradle.internal.concurrent.ManagedExecutorImpl$1.run(ManagedExecutorImpl.java:46)
	at java.util.concurrent.ThreadPoolExecutor.runWorker(ThreadPoolExecutor.java:1149)
	at java.util.concurrent.ThreadPoolExecutor$Worker.run(ThreadPoolExecutor.java:624)
	at org.gradle.internal.concurrent.ThreadFactoryImpl$ManagedThreadRunnable.run(ThreadFactoryImpl.java:55)
	at java.lang.Thread.run(Thread.java:748)
Caused by: java.sql.SQLSyntaxErrorException: ORA-00933: SQL command not properly ended

	at oracle.jdbc.driver.T4CTTIoer11.processError(T4CTTIoer11.java:509)
	at oracle.jdbc.driver.T4CTTIoer11.processError(T4CTTIoer11.java:461)
	at oracle.jdbc.driver.T4C8Oall.processError(T4C8Oall.java:1104)
	at oracle.jdbc.driver.T4CTTIfun.receive(T4CTTIfun.java:550)
	at oracle.jdbc.driver.T4CTTIfun.doRPC(T4CTTIfun.java:268)
	at oracle.jdbc.driver.T4C8Oall.doOALL(T4C8Oall.java:655)
	at oracle.jdbc.driver.T4CStatement.doOall8(T4CStatement.java:229)
	at oracle.jdbc.driver.T4CStatement.doOall8(T4CStatement.java:41)
	at oracle.jdbc.driver.T4CStatement.executeForDescribe(T4CStatement.java:765)
	at oracle.jdbc.driver.OracleStatement.executeMaybeDescribe(OracleStatement.java:983)
	at oracle.jdbc.driver.OracleStatement.doExecuteWithTimeout(OracleStatement.java:1168)
	at oracle.jdbc.driver.OracleStatement.executeQuery(OracleStatement.java:1362)
	at oracle.jdbc.driver.OracleStatementWrapper.executeQuery(OracleStatementWrapper.java:369)
	at com.zaxxer.hikari.pool.ProxyStatement.executeQuery(ProxyStatement.java:111)
	at com.zaxxer.hikari.pool.HikariProxyStatement.executeQuery(HikariProxyStatement.java)
	at com.dotmarketing.common.db.DotConnect.executeQuery(DotConnect.java:646)
	at com.dotmarketing.common.db.DotConnect.executeQuery(DotConnect.java:532)
	at com.dotmarketing.common.db.DotConnect.loadResult(DotConnect.java:271)
	... 81 more
Caused by: Error : 933, Position : 74, Sql = select contentlet.*, inode.owner from contentlet, contentlet_version_info as contentletvi, inode where structure_inode = '62fdf5d9-91ff-4bd3-bb6e-98e9fe20074b'  and contentletvi.identifier=contentlet.identifier  and contentletvi.working_inode=contentlet.inode  and contentlet.inode = inode.inode, OriginalSql = select contentlet.*, inode.owner from contentlet, contentlet_version_info as contentletvi, inode where structure_inode = '62fdf5d9-91ff-4bd3-bb6e-98e9fe20074b'  and contentletvi.identifier=contentlet.identifier  and contentletvi.working_inode=contentlet.inode  and contentlet.inode = inode.inode, Error Msg = ORA-00933: SQL command not properly ended

	at oracle.jdbc.driver.T4CTTIoer11.processError(T4CTTIoer11.java:513)
	... 98 more
</pre>
</span>
</div>
<div class="test">
<a name="test_WidgetPreExecuteCodeShowRegardlessPageMode[1: com.dotcms.rendering.velocity.services.HTMLPageAssetRenderedTest$WidgetPreExecuteCodeTestCase@53b87923]"></a>
<h3 class="failures">test_WidgetPreExecuteCodeShowRegardlessPageMode[1: com.dotcms.rendering.velocity.services.HTMLPageAssetRenderedTest$WidgetPreExecuteCodeTestCase@53b87923]</h3>
<span class="code">
<pre>com.dotmarketing.exception.DotDataException: ORA-00933: SQL command not properly ended
{
  &quot;SQL&quot;: [&quot;select contentlet.*, inode.owner from contentlet, contentlet_version_info as contentletvi, inode where structure_inode = '36da941c-0dd4-4ce1-99c5-f86cad5b6924'  and contentletvi.identifier=contentlet.identifier  and contentletvi.working_inode=contentlet.inode  and contentlet.inode = inode.inode&quot;],
  &quot;maxRows&quot;: [500],
  &quot;offest&quot;: [0]
}
	at com.dotmarketing.common.db.DotConnect.loadResult(DotConnect.java:273)
	at com.dotmarketing.common.db.DotConnect.loadObjectResults(DotConnect.java:925)
	at com.dotcms.content.elasticsearch.business.ESContentFactoryImpl.findByStructure(ESContentFactoryImpl.java:1028)
	at com.dotcms.content.elasticsearch.business.ESContentFactoryImpl.findByStructure(ESContentFactoryImpl.java:984)
	at com.dotcms.content.elasticsearch.business.ESContentletAPIImpl.findByStructure_aroundBody8(ESContentletAPIImpl.java:359)
	at com.dotcms.content.elasticsearch.business.ESContentletAPIImpl$AjcClosure9.run(ESContentletAPIImpl.java:1)
	at org.aspectj.runtime.reflect.JoinPointImpl.proceed(JoinPointImpl.java:149)
	at com.dotcms.aspects.aspectj.AspectJDelegateMethodInvocation.proceed(AspectJDelegateMethodInvocation.java:42)
	at com.dotcms.aspects.interceptors.CloseDBIfOpenedMethodInterceptor.invoke(CloseDBIfOpenedMethodInterceptor.java:29)
	at com.dotcms.aspects.aspectj.CloseDBIfOpenedAspect.invoke(CloseDBIfOpenedAspect.java:41)
	at com.dotcms.content.elasticsearch.business.ESContentletAPIImpl.findByStructure(ESContentletAPIImpl.java:358)
	at com.dotcms.content.elasticsearch.business.ESContentletAPIImpl.findByStructure(ESContentletAPIImpl.java:365)
	at com.dotmarketing.portlets.contentlet.business.ContentletAPIInterceptor.findByStructure(ContentletAPIInterceptor.java:800)
	at com.dotcms.rendering.velocity.services.ContentletLoader.invalidate(ContentletLoader.java:543)
	at com.dotcms.contenttype.business.FieldAPIImpl.save_aroundBody0(FieldAPIImpl.java:241)
	at com.dotcms.contenttype.business.FieldAPIImpl$AjcClosure1.run(FieldAPIImpl.java:1)
	at org.aspectj.runtime.reflect.JoinPointImpl.proceed(JoinPointImpl.java:149)
	at com.dotcms.aspects.aspectj.AspectJDelegateMethodInvocation.proceed(AspectJDelegateMethodInvocation.java:42)
	at com.dotmarketing.db.LocalTransaction.wrapReturnWithListeners(LocalTransaction.java:59)
	at com.dotcms.aspects.interceptors.WrapInTransactionMethodInterceptor.invoke(WrapInTransactionMethodInterceptor.java:23)
	at com.dotcms.aspects.aspectj.WrapInTransactionAspect.invoke(WrapInTransactionAspect.java:41)
	at com.dotcms.contenttype.business.FieldAPIImpl.save(FieldAPIImpl.java:134)
	at com.dotcms.rendering.velocity.services.HTMLPageAssetRenderedTest.test_WidgetPreExecuteCodeShowRegardlessPageMode(HTMLPageAssetRenderedTest.java:1447)
	at sun.reflect.NativeMethodAccessorImpl.invoke0(Native Method)
	at sun.reflect.NativeMethodAccessorImpl.invoke(NativeMethodAccessorImpl.java:62)
	at sun.reflect.DelegatingMethodAccessorImpl.invoke(DelegatingMethodAccessorImpl.java:43)
	at java.lang.reflect.Method.invoke(Method.java:498)
	at org.junit.runners.model.FrameworkMethod$1.runReflectiveCall(FrameworkMethod.java:50)
	at org.junit.internal.runners.model.ReflectiveCallable.run(ReflectiveCallable.java:12)
	at org.junit.runners.model.FrameworkMethod.invokeExplosively(FrameworkMethod.java:47)
	at com.tngtech.java.junit.dataprovider.DataProviderFrameworkMethod.invokeExplosively(DataProviderFrameworkMethod.java:119)
	at org.junit.internal.runners.statements.InvokeMethod.evaluate(InvokeMethod.java:17)
	at org.junit.rules.TestWatcher$1.evaluate(TestWatcher.java:55)
	at org.junit.rules.RunRules.evaluate(RunRules.java:20)
	at org.junit.runners.ParentRunner.runLeaf(ParentRunner.java:325)
	at com.dotcms.junit.CustomDataProviderRunner.runChild(CustomDataProviderRunner.java:28)
	at com.dotcms.junit.CustomDataProviderRunner.runChild(CustomDataProviderRunner.java:13)
	at org.junit.runners.ParentRunner$3.run(ParentRunner.java:290)
	at org.junit.runners.ParentRunner$1.schedule(ParentRunner.java:71)
	at org.junit.runners.ParentRunner.runChildren(ParentRunner.java:288)
	at org.junit.runners.ParentRunner.access$000(ParentRunner.java:58)
	at org.junit.runners.ParentRunner$2.evaluate(ParentRunner.java:268)
	at org.junit.internal.runners.statements.RunBefores.evaluate(RunBefores.java:26)
	at org.junit.internal.runners.statements.RunAfters.evaluate(RunAfters.java:27)
	at org.junit.runners.ParentRunner.run(ParentRunner.java:363)
	at org.junit.runners.Suite.runChild(Suite.java:128)
	at org.junit.runners.Suite.runChild(Suite.java:27)
	at org.junit.runners.ParentRunner$3.run(ParentRunner.java:290)
	at org.junit.runners.ParentRunner$1.schedule(ParentRunner.java:71)
	at org.junit.runners.ParentRunner.runChildren(ParentRunner.java:288)
	at org.junit.runners.ParentRunner.access$000(ParentRunner.java:58)
	at org.junit.runners.ParentRunner$2.evaluate(ParentRunner.java:268)
	at org.junit.runners.ParentRunner.run(ParentRunner.java:363)
	at org.gradle.api.internal.tasks.testing.junit.JUnitTestClassExecuter.runTestClass(JUnitTestClassExecuter.java:114)
	at org.gradle.api.internal.tasks.testing.junit.JUnitTestClassExecuter.execute(JUnitTestClassExecuter.java:57)
	at org.gradle.api.internal.tasks.testing.junit.JUnitTestClassProcessor.processTestClass(JUnitTestClassProcessor.java:66)
	at org.gradle.api.internal.tasks.testing.SuiteTestClassProcessor.processTestClass(SuiteTestClassProcessor.java:51)
	at sun.reflect.NativeMethodAccessorImpl.invoke0(Native Method)
	at sun.reflect.NativeMethodAccessorImpl.invoke(NativeMethodAccessorImpl.java:62)
	at sun.reflect.DelegatingMethodAccessorImpl.invoke(DelegatingMethodAccessorImpl.java:43)
	at java.lang.reflect.Method.invoke(Method.java:498)
	at org.gradle.internal.dispatch.ReflectionDispatch.dispatch(ReflectionDispatch.java:35)
	at org.gradle.internal.dispatch.ReflectionDispatch.dispatch(ReflectionDispatch.java:24)
	at org.gradle.internal.dispatch.ContextClassLoaderDispatch.dispatch(ContextClassLoaderDispatch.java:32)
	at org.gradle.internal.dispatch.ProxyDispatchAdapter$DispatchingInvocationHandler.invoke(ProxyDispatchAdapter.java:93)
	at com.sun.proxy.$Proxy1.processTestClass(Unknown Source)
	at org.gradle.api.internal.tasks.testing.worker.TestWorker.processTestClass(TestWorker.java:108)
	at sun.reflect.NativeMethodAccessorImpl.invoke0(Native Method)
	at sun.reflect.NativeMethodAccessorImpl.invoke(NativeMethodAccessorImpl.java:62)
	at sun.reflect.DelegatingMethodAccessorImpl.invoke(DelegatingMethodAccessorImpl.java:43)
	at java.lang.reflect.Method.invoke(Method.java:498)
	at org.gradle.internal.dispatch.ReflectionDispatch.dispatch(ReflectionDispatch.java:35)
	at org.gradle.internal.dispatch.ReflectionDispatch.dispatch(ReflectionDispatch.java:24)
	at org.gradle.internal.remote.internal.hub.MessageHubBackedObjectConnection$DispatchWrapper.dispatch(MessageHubBackedObjectConnection.java:146)
	at org.gradle.internal.remote.internal.hub.MessageHubBackedObjectConnection$DispatchWrapper.dispatch(MessageHubBackedObjectConnection.java:128)
	at org.gradle.internal.remote.internal.hub.MessageHub$Handler.run(MessageHub.java:404)
	at org.gradle.internal.concurrent.ExecutorPolicy$CatchAndRecordFailures.onExecute(ExecutorPolicy.java:63)
	at org.gradle.internal.concurrent.ManagedExecutorImpl$1.run(ManagedExecutorImpl.java:46)
	at java.util.concurrent.ThreadPoolExecutor.runWorker(ThreadPoolExecutor.java:1149)
	at java.util.concurrent.ThreadPoolExecutor$Worker.run(ThreadPoolExecutor.java:624)
	at org.gradle.internal.concurrent.ThreadFactoryImpl$ManagedThreadRunnable.run(ThreadFactoryImpl.java:55)
	at java.lang.Thread.run(Thread.java:748)
Caused by: java.sql.SQLSyntaxErrorException: ORA-00933: SQL command not properly ended

	at oracle.jdbc.driver.T4CTTIoer11.processError(T4CTTIoer11.java:509)
	at oracle.jdbc.driver.T4CTTIoer11.processError(T4CTTIoer11.java:461)
	at oracle.jdbc.driver.T4C8Oall.processError(T4C8Oall.java:1104)
	at oracle.jdbc.driver.T4CTTIfun.receive(T4CTTIfun.java:550)
	at oracle.jdbc.driver.T4CTTIfun.doRPC(T4CTTIfun.java:268)
	at oracle.jdbc.driver.T4C8Oall.doOALL(T4C8Oall.java:655)
	at oracle.jdbc.driver.T4CStatement.doOall8(T4CStatement.java:229)
	at oracle.jdbc.driver.T4CStatement.doOall8(T4CStatement.java:41)
	at oracle.jdbc.driver.T4CStatement.executeForDescribe(T4CStatement.java:765)
	at oracle.jdbc.driver.OracleStatement.executeMaybeDescribe(OracleStatement.java:983)
	at oracle.jdbc.driver.OracleStatement.doExecuteWithTimeout(OracleStatement.java:1168)
	at oracle.jdbc.driver.OracleStatement.executeQuery(OracleStatement.java:1362)
	at oracle.jdbc.driver.OracleStatementWrapper.executeQuery(OracleStatementWrapper.java:369)
	at com.zaxxer.hikari.pool.ProxyStatement.executeQuery(ProxyStatement.java:111)
	at com.zaxxer.hikari.pool.HikariProxyStatement.executeQuery(HikariProxyStatement.java)
	at com.dotmarketing.common.db.DotConnect.executeQuery(DotConnect.java:646)
	at com.dotmarketing.common.db.DotConnect.executeQuery(DotConnect.java:532)
	at com.dotmarketing.common.db.DotConnect.loadResult(DotConnect.java:271)
	... 81 more
Caused by: Error : 933, Position : 74, Sql = select contentlet.*, inode.owner from contentlet, contentlet_version_info as contentletvi, inode where structure_inode = '36da941c-0dd4-4ce1-99c5-f86cad5b6924'  and contentletvi.identifier=contentlet.identifier  and contentletvi.working_inode=contentlet.inode  and contentlet.inode = inode.inode, OriginalSql = select contentlet.*, inode.owner from contentlet, contentlet_version_info as contentletvi, inode where structure_inode = '36da941c-0dd4-4ce1-99c5-f86cad5b6924'  and contentletvi.identifier=contentlet.identifier  and contentletvi.working_inode=contentlet.inode  and contentlet.inode = inode.inode, Error Msg = ORA-00933: SQL command not properly ended

	at oracle.jdbc.driver.T4CTTIoer11.processError(T4CTTIoer11.java:513)
	... 98 more
</pre>
</span>
</div>
<div class="test">
<a name="test_WidgetPreExecuteCodeShowRegardlessPageMode[2: com.dotcms.rendering.velocity.services.HTMLPageAssetRenderedTest$WidgetPreExecuteCodeTestCase@73003655]"></a>
<h3 class="failures">test_WidgetPreExecuteCodeShowRegardlessPageMode[2: com.dotcms.rendering.velocity.services.HTMLPageAssetRenderedTest$WidgetPreExecuteCodeTestCase@73003655]</h3>
<span class="code">
<pre>com.dotmarketing.exception.DotDataException: ORA-00933: SQL command not properly ended
{
  &quot;SQL&quot;: [&quot;select contentlet.*, inode.owner from contentlet, contentlet_version_info as contentletvi, inode where structure_inode = '610845b0-3542-42b9-8f69-5c2662f31c43'  and contentletvi.identifier=contentlet.identifier  and contentletvi.working_inode=contentlet.inode  and contentlet.inode = inode.inode&quot;],
  &quot;maxRows&quot;: [500],
  &quot;offest&quot;: [0]
}
	at com.dotmarketing.common.db.DotConnect.loadResult(DotConnect.java:273)
	at com.dotmarketing.common.db.DotConnect.loadObjectResults(DotConnect.java:925)
	at com.dotcms.content.elasticsearch.business.ESContentFactoryImpl.findByStructure(ESContentFactoryImpl.java:1028)
	at com.dotcms.content.elasticsearch.business.ESContentFactoryImpl.findByStructure(ESContentFactoryImpl.java:984)
	at com.dotcms.content.elasticsearch.business.ESContentletAPIImpl.findByStructure_aroundBody8(ESContentletAPIImpl.java:359)
	at com.dotcms.content.elasticsearch.business.ESContentletAPIImpl$AjcClosure9.run(ESContentletAPIImpl.java:1)
	at org.aspectj.runtime.reflect.JoinPointImpl.proceed(JoinPointImpl.java:149)
	at com.dotcms.aspects.aspectj.AspectJDelegateMethodInvocation.proceed(AspectJDelegateMethodInvocation.java:42)
	at com.dotcms.aspects.interceptors.CloseDBIfOpenedMethodInterceptor.invoke(CloseDBIfOpenedMethodInterceptor.java:29)
	at com.dotcms.aspects.aspectj.CloseDBIfOpenedAspect.invoke(CloseDBIfOpenedAspect.java:41)
	at com.dotcms.content.elasticsearch.business.ESContentletAPIImpl.findByStructure(ESContentletAPIImpl.java:358)
	at com.dotcms.content.elasticsearch.business.ESContentletAPIImpl.findByStructure(ESContentletAPIImpl.java:365)
	at com.dotmarketing.portlets.contentlet.business.ContentletAPIInterceptor.findByStructure(ContentletAPIInterceptor.java:800)
	at com.dotcms.rendering.velocity.services.ContentletLoader.invalidate(ContentletLoader.java:543)
	at com.dotcms.contenttype.business.FieldAPIImpl.save_aroundBody0(FieldAPIImpl.java:241)
	at com.dotcms.contenttype.business.FieldAPIImpl$AjcClosure1.run(FieldAPIImpl.java:1)
	at org.aspectj.runtime.reflect.JoinPointImpl.proceed(JoinPointImpl.java:149)
	at com.dotcms.aspects.aspectj.AspectJDelegateMethodInvocation.proceed(AspectJDelegateMethodInvocation.java:42)
	at com.dotmarketing.db.LocalTransaction.wrapReturnWithListeners(LocalTransaction.java:59)
	at com.dotcms.aspects.interceptors.WrapInTransactionMethodInterceptor.invoke(WrapInTransactionMethodInterceptor.java:23)
	at com.dotcms.aspects.aspectj.WrapInTransactionAspect.invoke(WrapInTransactionAspect.java:41)
	at com.dotcms.contenttype.business.FieldAPIImpl.save(FieldAPIImpl.java:134)
	at com.dotcms.rendering.velocity.services.HTMLPageAssetRenderedTest.test_WidgetPreExecuteCodeShowRegardlessPageMode(HTMLPageAssetRenderedTest.java:1447)
	at sun.reflect.NativeMethodAccessorImpl.invoke0(Native Method)
	at sun.reflect.NativeMethodAccessorImpl.invoke(NativeMethodAccessorImpl.java:62)
	at sun.reflect.DelegatingMethodAccessorImpl.invoke(DelegatingMethodAccessorImpl.java:43)
	at java.lang.reflect.Method.invoke(Method.java:498)
	at org.junit.runners.model.FrameworkMethod$1.runReflectiveCall(FrameworkMethod.java:50)
	at org.junit.internal.runners.model.ReflectiveCallable.run(ReflectiveCallable.java:12)
	at org.junit.runners.model.FrameworkMethod.invokeExplosively(FrameworkMethod.java:47)
	at com.tngtech.java.junit.dataprovider.DataProviderFrameworkMethod.invokeExplosively(DataProviderFrameworkMethod.java:119)
	at org.junit.internal.runners.statements.InvokeMethod.evaluate(InvokeMethod.java:17)
	at org.junit.rules.TestWatcher$1.evaluate(TestWatcher.java:55)
	at org.junit.rules.RunRules.evaluate(RunRules.java:20)
	at org.junit.runners.ParentRunner.runLeaf(ParentRunner.java:325)
	at com.dotcms.junit.CustomDataProviderRunner.runChild(CustomDataProviderRunner.java:28)
	at com.dotcms.junit.CustomDataProviderRunner.runChild(CustomDataProviderRunner.java:13)
	at org.junit.runners.ParentRunner$3.run(ParentRunner.java:290)
	at org.junit.runners.ParentRunner$1.schedule(ParentRunner.java:71)
	at org.junit.runners.ParentRunner.runChildren(ParentRunner.java:288)
	at org.junit.runners.ParentRunner.access$000(ParentRunner.java:58)
	at org.junit.runners.ParentRunner$2.evaluate(ParentRunner.java:268)
	at org.junit.internal.runners.statements.RunBefores.evaluate(RunBefores.java:26)
	at org.junit.internal.runners.statements.RunAfters.evaluate(RunAfters.java:27)
	at org.junit.runners.ParentRunner.run(ParentRunner.java:363)
	at org.junit.runners.Suite.runChild(Suite.java:128)
	at org.junit.runners.Suite.runChild(Suite.java:27)
	at org.junit.runners.ParentRunner$3.run(ParentRunner.java:290)
	at org.junit.runners.ParentRunner$1.schedule(ParentRunner.java:71)
	at org.junit.runners.ParentRunner.runChildren(ParentRunner.java:288)
	at org.junit.runners.ParentRunner.access$000(ParentRunner.java:58)
	at org.junit.runners.ParentRunner$2.evaluate(ParentRunner.java:268)
	at org.junit.runners.ParentRunner.run(ParentRunner.java:363)
	at org.gradle.api.internal.tasks.testing.junit.JUnitTestClassExecuter.runTestClass(JUnitTestClassExecuter.java:114)
	at org.gradle.api.internal.tasks.testing.junit.JUnitTestClassExecuter.execute(JUnitTestClassExecuter.java:57)
	at org.gradle.api.internal.tasks.testing.junit.JUnitTestClassProcessor.processTestClass(JUnitTestClassProcessor.java:66)
	at org.gradle.api.internal.tasks.testing.SuiteTestClassProcessor.processTestClass(SuiteTestClassProcessor.java:51)
	at sun.reflect.NativeMethodAccessorImpl.invoke0(Native Method)
	at sun.reflect.NativeMethodAccessorImpl.invoke(NativeMethodAccessorImpl.java:62)
	at sun.reflect.DelegatingMethodAccessorImpl.invoke(DelegatingMethodAccessorImpl.java:43)
	at java.lang.reflect.Method.invoke(Method.java:498)
	at org.gradle.internal.dispatch.ReflectionDispatch.dispatch(ReflectionDispatch.java:35)
	at org.gradle.internal.dispatch.ReflectionDispatch.dispatch(ReflectionDispatch.java:24)
	at org.gradle.internal.dispatch.ContextClassLoaderDispatch.dispatch(ContextClassLoaderDispatch.java:32)
	at org.gradle.internal.dispatch.ProxyDispatchAdapter$DispatchingInvocationHandler.invoke(ProxyDispatchAdapter.java:93)
	at com.sun.proxy.$Proxy1.processTestClass(Unknown Source)
	at org.gradle.api.internal.tasks.testing.worker.TestWorker.processTestClass(TestWorker.java:108)
	at sun.reflect.NativeMethodAccessorImpl.invoke0(Native Method)
	at sun.reflect.NativeMethodAccessorImpl.invoke(NativeMethodAccessorImpl.java:62)
	at sun.reflect.DelegatingMethodAccessorImpl.invoke(DelegatingMethodAccessorImpl.java:43)
	at java.lang.reflect.Method.invoke(Method.java:498)
	at org.gradle.internal.dispatch.ReflectionDispatch.dispatch(ReflectionDispatch.java:35)
	at org.gradle.internal.dispatch.ReflectionDispatch.dispatch(ReflectionDispatch.java:24)
	at org.gradle.internal.remote.internal.hub.MessageHubBackedObjectConnection$DispatchWrapper.dispatch(MessageHubBackedObjectConnection.java:146)
	at org.gradle.internal.remote.internal.hub.MessageHubBackedObjectConnection$DispatchWrapper.dispatch(MessageHubBackedObjectConnection.java:128)
	at org.gradle.internal.remote.internal.hub.MessageHub$Handler.run(MessageHub.java:404)
	at org.gradle.internal.concurrent.ExecutorPolicy$CatchAndRecordFailures.onExecute(ExecutorPolicy.java:63)
	at org.gradle.internal.concurrent.ManagedExecutorImpl$1.run(ManagedExecutorImpl.java:46)
	at java.util.concurrent.ThreadPoolExecutor.runWorker(ThreadPoolExecutor.java:1149)
	at java.util.concurrent.ThreadPoolExecutor$Worker.run(ThreadPoolExecutor.java:624)
	at org.gradle.internal.concurrent.ThreadFactoryImpl$ManagedThreadRunnable.run(ThreadFactoryImpl.java:55)
	at java.lang.Thread.run(Thread.java:748)
Caused by: java.sql.SQLSyntaxErrorException: ORA-00933: SQL command not properly ended

	at oracle.jdbc.driver.T4CTTIoer11.processError(T4CTTIoer11.java:509)
	at oracle.jdbc.driver.T4CTTIoer11.processError(T4CTTIoer11.java:461)
	at oracle.jdbc.driver.T4C8Oall.processError(T4C8Oall.java:1104)
	at oracle.jdbc.driver.T4CTTIfun.receive(T4CTTIfun.java:550)
	at oracle.jdbc.driver.T4CTTIfun.doRPC(T4CTTIfun.java:268)
	at oracle.jdbc.driver.T4C8Oall.doOALL(T4C8Oall.java:655)
	at oracle.jdbc.driver.T4CStatement.doOall8(T4CStatement.java:229)
	at oracle.jdbc.driver.T4CStatement.doOall8(T4CStatement.java:41)
	at oracle.jdbc.driver.T4CStatement.executeForDescribe(T4CStatement.java:765)
	at oracle.jdbc.driver.OracleStatement.executeMaybeDescribe(OracleStatement.java:983)
	at oracle.jdbc.driver.OracleStatement.doExecuteWithTimeout(OracleStatement.java:1168)
	at oracle.jdbc.driver.OracleStatement.executeQuery(OracleStatement.java:1362)
	at oracle.jdbc.driver.OracleStatementWrapper.executeQuery(OracleStatementWrapper.java:369)
	at com.zaxxer.hikari.pool.ProxyStatement.executeQuery(ProxyStatement.java:111)
	at com.zaxxer.hikari.pool.HikariProxyStatement.executeQuery(HikariProxyStatement.java)
	at com.dotmarketing.common.db.DotConnect.executeQuery(DotConnect.java:646)
	at com.dotmarketing.common.db.DotConnect.executeQuery(DotConnect.java:532)
	at com.dotmarketing.common.db.DotConnect.loadResult(DotConnect.java:271)
	... 81 more
Caused by: Error : 933, Position : 74, Sql = select contentlet.*, inode.owner from contentlet, contentlet_version_info as contentletvi, inode where structure_inode = '610845b0-3542-42b9-8f69-5c2662f31c43'  and contentletvi.identifier=contentlet.identifier  and contentletvi.working_inode=contentlet.inode  and contentlet.inode = inode.inode, OriginalSql = select contentlet.*, inode.owner from contentlet, contentlet_version_info as contentletvi, inode where structure_inode = '610845b0-3542-42b9-8f69-5c2662f31c43'  and contentletvi.identifier=contentlet.identifier  and contentletvi.working_inode=contentlet.inode  and contentlet.inode = inode.inode, Error Msg = ORA-00933: SQL command not properly ended

	at oracle.jdbc.driver.T4CTTIoer11.processError(T4CTTIoer11.java:513)
	... 98 more
</pre>
</span>
</div>
</div>
<div id="tab1" class="tab">
<h2>Tests</h2>
<table>
<thead>
<tr>
<th>Test</th>
<th>Duration</th>
<th>Result</th>
</tr>
</thead>
<tr>
<td class="success">ContentFallbackFalse_PageFallbackFalse_PageEnglishAndSpanish_ViewEnglishContent1And2_ViewSpanishContent2And3[0: com.dotmarketing.portlets.containers.model.Container@2a8f95cd[code=&lt;null&gt;,maxContentlets=5,useDiv=false,sortContentletsBy=&lt;null&gt;,preLoop=&lt;null&gt;,postLoop=&lt;null&gt;,staticify=false,luceneQuery=&lt;null&gt;,notes=&lt;null&gt;,source=DB,title=containerHTMLPageRenderedTest1603151123759,friendlyName=containerHTMLPageRenderedTest1603151123759,modDate=Mon Oct 19 23:45:23 GMT 2020,modUser=system,sortOrder=0,showOnMenu=false,iDate=Mon Oct 19 23:45:23 GMT 2020,type=containers,owner=system,inode=3391b49d-630f-434b-b5e6-59d61a5ae8a8,identifier=7880951e-060b-4ade-871a-0da0a3ffb429], com.dotmarketing.portlets.templates.model.Template@cb8794fc]</td>
<td>4.898s</td>
<td class="success">passed</td>
</tr>
<tr>
<td class="success">ContentFallbackFalse_PageFallbackFalse_PageEnglishAndSpanish_ViewEnglishContent1And2_ViewSpanishContent2And3[1: com.dotmarketing.portlets.containers.model.FileAssetContainer@10278ba6[languageId=1,host=test1603151110199.dotcms.com,path=/application/containers/containerHTMLPageRenderedTest1603151124287/,code=&lt;null&gt;,maxContentlets=25,useDiv=false,sortContentletsBy=&lt;null&gt;,preLoop=&lt;null&gt;,postLoop=&lt;null&gt;,staticify=false,luceneQuery=&lt;null&gt;,notes=Medium Column:Blog,Events,Generic,Location,Media,News,Documents,Products,source=FILE,title=Test Container,friendlyName=container7532798903934035960,modDate=Mon Oct 19 23:45:24 GMT 2020,modUser=system,sortOrder=0,showOnMenu=false,iDate=Mon Oct 19 23:45:24 GMT 2020,type=containers,owner=system,inode=84358c96-672f-489b-94d1-dbb81ec00108,identifier=c39dd1fd-809d-4d54-894b-f953c4eb9fcb], com.dotmarketing.portlets.templates.model.Template@b6542210]</td>
<td>5.156s</td>
<td class="success">passed</td>
</tr>
<tr>
<td class="success">ContentFallbackFalse_PageFallbackTrue_PageEnglishAndSpanish_ViewEnglishContent1And2_ViewSpanishContent2And3[0: com.dotmarketing.portlets.containers.model.Container@2a8f95cd[code=&lt;null&gt;,maxContentlets=5,useDiv=false,sortContentletsBy=&lt;null&gt;,preLoop=&lt;null&gt;,postLoop=&lt;null&gt;,staticify=false,luceneQuery=&lt;null&gt;,notes=&lt;null&gt;,source=DB,title=containerHTMLPageRenderedTest1603151123759,friendlyName=containerHTMLPageRenderedTest1603151123759,modDate=Mon Oct 19 23:45:23 GMT 2020,modUser=system,sortOrder=0,showOnMenu=false,iDate=Mon Oct 19 23:45:23 GMT 2020,type=containers,owner=system,inode=3391b49d-630f-434b-b5e6-59d61a5ae8a8,identifier=7880951e-060b-4ade-871a-0da0a3ffb429], com.dotmarketing.portlets.templates.model.Template@cb8794fc]</td>
<td>5.792s</td>
<td class="success">passed</td>
</tr>
<tr>
<td class="success">ContentFallbackFalse_PageFallbackTrue_PageEnglishAndSpanish_ViewEnglishContent1And2_ViewSpanishContent2And3[1: com.dotmarketing.portlets.containers.model.FileAssetContainer@10278ba6[languageId=1,host=test1603151110199.dotcms.com,path=/application/containers/containerHTMLPageRenderedTest1603151124287/,code=&lt;null&gt;,maxContentlets=25,useDiv=false,sortContentletsBy=&lt;null&gt;,preLoop=&lt;null&gt;,postLoop=&lt;null&gt;,staticify=false,luceneQuery=&lt;null&gt;,notes=Medium Column:Blog,Events,Generic,Location,Media,News,Documents,Products,source=FILE,title=Test Container,friendlyName=container7532798903934035960,modDate=Mon Oct 19 23:45:24 GMT 2020,modUser=system,sortOrder=0,showOnMenu=false,iDate=Mon Oct 19 23:45:24 GMT 2020,type=containers,owner=system,inode=84358c96-672f-489b-94d1-dbb81ec00108,identifier=c39dd1fd-809d-4d54-894b-f953c4eb9fcb], com.dotmarketing.portlets.templates.model.Template@b6542210]</td>
<td>5.368s</td>
<td class="success">passed</td>
</tr>
<tr>
<td class="success">ContentFallbackFalse_PageFallbackTrue_PageEnglish_ViewEnglishContent1And2_ViewSpanishContent2And3[0: com.dotmarketing.portlets.containers.model.Container@2a8f95cd[code=&lt;null&gt;,maxContentlets=5,useDiv=false,sortContentletsBy=&lt;null&gt;,preLoop=&lt;null&gt;,postLoop=&lt;null&gt;,staticify=false,luceneQuery=&lt;null&gt;,notes=&lt;null&gt;,source=DB,title=containerHTMLPageRenderedTest1603151123759,friendlyName=containerHTMLPageRenderedTest1603151123759,modDate=Mon Oct 19 23:45:23 GMT 2020,modUser=system,sortOrder=0,showOnMenu=false,iDate=Mon Oct 19 23:45:23 GMT 2020,type=containers,owner=system,inode=3391b49d-630f-434b-b5e6-59d61a5ae8a8,identifier=7880951e-060b-4ade-871a-0da0a3ffb429], com.dotmarketing.portlets.templates.model.Template@cb8794fc]</td>
<td>1.910s</td>
<td class="success">passed</td>
</tr>
<tr>
<td class="success">ContentFallbackFalse_PageFallbackTrue_PageEnglish_ViewEnglishContent1And2_ViewSpanishContent2And3[1: com.dotmarketing.portlets.containers.model.FileAssetContainer@10278ba6[languageId=1,host=test1603151110199.dotcms.com,path=/application/containers/containerHTMLPageRenderedTest1603151124287/,code=&lt;null&gt;,maxContentlets=25,useDiv=false,sortContentletsBy=&lt;null&gt;,preLoop=&lt;null&gt;,postLoop=&lt;null&gt;,staticify=false,luceneQuery=&lt;null&gt;,notes=Medium Column:Blog,Events,Generic,Location,Media,News,Documents,Products,source=FILE,title=Test Container,friendlyName=container7532798903934035960,modDate=Mon Oct 19 23:45:24 GMT 2020,modUser=system,sortOrder=0,showOnMenu=false,iDate=Mon Oct 19 23:45:24 GMT 2020,type=containers,owner=system,inode=84358c96-672f-489b-94d1-dbb81ec00108,identifier=c39dd1fd-809d-4d54-894b-f953c4eb9fcb], com.dotmarketing.portlets.templates.model.Template@b6542210]</td>
<td>2.068s</td>
<td class="success">passed</td>
</tr>
<tr>
<td class="success">ContentFallbackTrue_PageFallbackTrue_PageEnglishAndSpanish_ViewEnglishContent1And2_ViewSpanishContent1And2And3[0: com.dotmarketing.portlets.containers.model.Container@2a8f95cd[code=&lt;null&gt;,maxContentlets=5,useDiv=false,sortContentletsBy=&lt;null&gt;,preLoop=&lt;null&gt;,postLoop=&lt;null&gt;,staticify=false,luceneQuery=&lt;null&gt;,notes=&lt;null&gt;,source=DB,title=containerHTMLPageRenderedTest1603151123759,friendlyName=containerHTMLPageRenderedTest1603151123759,modDate=Mon Oct 19 23:45:23 GMT 2020,modUser=system,sortOrder=0,showOnMenu=false,iDate=Mon Oct 19 23:45:23 GMT 2020,type=containers,owner=system,inode=3391b49d-630f-434b-b5e6-59d61a5ae8a8,identifier=7880951e-060b-4ade-871a-0da0a3ffb429], com.dotmarketing.portlets.templates.model.Template@cb8794fc]</td>
<td>4.995s</td>
<td class="success">passed</td>
</tr>
<tr>
<td class="success">ContentFallbackTrue_PageFallbackTrue_PageEnglishAndSpanish_ViewEnglishContent1And2_ViewSpanishContent1And2And3[1: com.dotmarketing.portlets.containers.model.FileAssetContainer@10278ba6[languageId=1,host=test1603151110199.dotcms.com,path=/application/containers/containerHTMLPageRenderedTest1603151124287/,code=&lt;null&gt;,maxContentlets=25,useDiv=false,sortContentletsBy=&lt;null&gt;,preLoop=&lt;null&gt;,postLoop=&lt;null&gt;,staticify=false,luceneQuery=&lt;null&gt;,notes=Medium Column:Blog,Events,Generic,Location,Media,News,Documents,Products,source=FILE,title=Test Container,friendlyName=container7532798903934035960,modDate=Mon Oct 19 23:45:24 GMT 2020,modUser=system,sortOrder=0,showOnMenu=false,iDate=Mon Oct 19 23:45:24 GMT 2020,type=containers,owner=system,inode=84358c96-672f-489b-94d1-dbb81ec00108,identifier=c39dd1fd-809d-4d54-894b-f953c4eb9fcb], com.dotmarketing.portlets.templates.model.Template@b6542210]</td>
<td>5.216s</td>
<td class="success">passed</td>
</tr>
<tr>
<td class="failures">constantField_notUpdatedCache_whenChanged[0: com.dotmarketing.portlets.containers.model.Container@2a8f95cd[code=&lt;null&gt;,maxContentlets=5,useDiv=false,sortContentletsBy=&lt;null&gt;,preLoop=&lt;null&gt;,postLoop=&lt;null&gt;,staticify=false,luceneQuery=&lt;null&gt;,notes=&lt;null&gt;,source=DB,title=containerHTMLPageRenderedTest1603151123759,friendlyName=containerHTMLPageRenderedTest1603151123759,modDate=Mon Oct 19 23:45:23 GMT 2020,modUser=system,sortOrder=0,showOnMenu=false,iDate=Mon Oct 19 23:45:23 GMT 2020,type=containers,owner=system,inode=3391b49d-630f-434b-b5e6-59d61a5ae8a8,identifier=7880951e-060b-4ade-871a-0da0a3ffb429], com.dotmarketing.portlets.templates.model.Template@cb8794fc]</td>
<td>0.461s</td>
<td class="failures">failed</td>
</tr>
<tr>
<td class="failures">constantField_notUpdatedCache_whenChanged[1: com.dotmarketing.portlets.containers.model.FileAssetContainer@10278ba6[languageId=1,host=test1603151110199.dotcms.com,path=/application/containers/containerHTMLPageRenderedTest1603151124287/,code=&lt;null&gt;,maxContentlets=25,useDiv=false,sortContentletsBy=&lt;null&gt;,preLoop=&lt;null&gt;,postLoop=&lt;null&gt;,staticify=false,luceneQuery=&lt;null&gt;,notes=Medium Column:Blog,Events,Generic,Location,Media,News,Documents,Products,source=FILE,title=Test Container,friendlyName=container7532798903934035960,modDate=Mon Oct 19 23:45:24 GMT 2020,modUser=system,sortOrder=0,showOnMenu=false,iDate=Mon Oct 19 23:45:24 GMT 2020,type=containers,owner=system,inode=84358c96-672f-489b-94d1-dbb81ec00108,identifier=c39dd1fd-809d-4d54-894b-f953c4eb9fcb], com.dotmarketing.portlets.templates.model.Template@b6542210]</td>
<td>0.331s</td>
<td class="failures">failed</td>
</tr>
<tr>
<td class="success">containerArchived_PageShouldResolve</td>
<td>5.007s</td>
<td class="success">passed</td>
</tr>
<tr>
<td class="success">containerTwiceIntoPage</td>
<td>3.954s</td>
<td class="success">passed</td>
</tr>
<tr>
<td class="success">containerTwiceIntoPageAndTemplateLayout</td>
<td>7.987s</td>
<td class="success">passed</td>
</tr>
<tr>
<td class="success">pageWithSidebarShouldRender</td>
<td>6.346s</td>
<td class="success">passed</td>
</tr>
<tr>
<td class="success">render_spanish_contentlets_on_english_page[0: com.dotmarketing.portlets.containers.model.Container@2a8f95cd[code=&lt;null&gt;,maxContentlets=5,useDiv=false,sortContentletsBy=&lt;null&gt;,preLoop=&lt;null&gt;,postLoop=&lt;null&gt;,staticify=false,luceneQuery=&lt;null&gt;,notes=&lt;null&gt;,source=DB,title=containerHTMLPageRenderedTest1603151123759,friendlyName=containerHTMLPageRenderedTest1603151123759,modDate=Mon Oct 19 23:45:23 GMT 2020,modUser=system,sortOrder=0,showOnMenu=false,iDate=Mon Oct 19 23:45:23 GMT 2020,type=containers,owner=system,inode=3391b49d-630f-434b-b5e6-59d61a5ae8a8,identifier=7880951e-060b-4ade-871a-0da0a3ffb429], com.dotmarketing.portlets.templates.model.Template@cb8794fc]</td>
<td>2.226s</td>
<td class="success">passed</td>
</tr>
<tr>
<td class="success">render_spanish_contentlets_on_english_page[1: com.dotmarketing.portlets.containers.model.FileAssetContainer@10278ba6[languageId=1,host=test1603151110199.dotcms.com,path=/application/containers/containerHTMLPageRenderedTest1603151124287/,code=&lt;null&gt;,maxContentlets=25,useDiv=false,sortContentletsBy=&lt;null&gt;,preLoop=&lt;null&gt;,postLoop=&lt;null&gt;,staticify=false,luceneQuery=&lt;null&gt;,notes=Medium Column:Blog,Events,Generic,Location,Media,News,Documents,Products,source=FILE,title=Test Container,friendlyName=container7532798903934035960,modDate=Mon Oct 19 23:45:24 GMT 2020,modUser=system,sortOrder=0,showOnMenu=false,iDate=Mon Oct 19 23:45:24 GMT 2020,type=containers,owner=system,inode=84358c96-672f-489b-94d1-dbb81ec00108,identifier=c39dd1fd-809d-4d54-894b-f953c4eb9fcb], com.dotmarketing.portlets.templates.model.Template@b6542210]</td>
<td>2.073s</td>
<td class="success">passed</td>
</tr>
<tr>
<td class="success">shouldRenderTemplateAndContainers page Host: test1603151110199.dotcms.com Template Host: test1603151110199.dotcms.com Container Host: default</td>
<td>6.200s</td>
<td class="success">passed</td>
</tr>
<tr>
<td class="success">shouldRenderTemplateAndContainers page Host: test1603151110199.dotcms.com Template Host: test1603151110199.dotcms.com Container Host: default</td>
<td>4.130s</td>
<td class="success">passed</td>
</tr>
<tr>
<td class="success">shouldRenderTemplateAndContainers page Host: test1603151110199.dotcms.com Template Host: test1603151110199.dotcms.com Container Host: default</td>
<td>4.127s</td>
<td class="success">passed</td>
</tr>
<tr>
<td class="success">shouldRenderTemplateAndContainers page Host: test1603151110199.dotcms.com Template Host: test1603151110199.dotcms.com Container Host: default</td>
<td>6.144s</td>
<td class="success">passed</td>
</tr>
<tr>
<td class="success">shouldRenderTemplateAndContainers page Host: test1603151110199.dotcms.com Template Host: test1603151110199.dotcms.com Container Host: test1603151110199.dotcms.com</td>
<td>6.413s</td>
<td class="success">passed</td>
</tr>
<tr>
<td class="success">shouldRenderTemplateAndContainers page Host: test1603151110199.dotcms.com Template Host: test1603151110199.dotcms.com Container Host: test1603151110199.dotcms.com</td>
<td>3.907s</td>
<td class="success">passed</td>
</tr>
<tr>
<td class="success">shouldRenderTemplateAndContainers page Host: test1603151110199.dotcms.com Template Host: test1603151110199.dotcms.com Container Host: test1603151110199.dotcms.com</td>
<td>6.176s</td>
<td class="success">passed</td>
</tr>
<tr>
<td class="success">shouldRenderTemplateAndContainers page Host: test1603151110199.dotcms.com Template Host: test1603151110199.dotcms.com Container Host: test1603151110199.dotcms.com</td>
<td>4.139s</td>
<td class="success">passed</td>
</tr>
<tr>
<td class="success">shouldRenderTemplateAndContainers page Host: test1603151110199.dotcms.com Template Host: test1603151110199.dotcms.com Container Host: test1603151127970.dotcms.com</td>
<td>6.024s</td>
<td class="success">passed</td>
</tr>
<tr>
<td class="success">shouldRenderTemplateAndContainers page Host: test1603151110199.dotcms.com Template Host: test1603151110199.dotcms.com Container Host: test1603151127970.dotcms.com</td>
<td>4.129s</td>
<td class="success">passed</td>
</tr>
<tr>
<td class="success">shouldRenderTemplateAndContainers page Host: test1603151110199.dotcms.com Template Host: test1603151110199.dotcms.com Container Host: test1603151127970.dotcms.com</td>
<td>4.134s</td>
<td class="success">passed</td>
</tr>
<tr>
<td class="success">shouldRenderTemplateAndContainers page Host: test1603151110199.dotcms.com Template Host: test1603151110199.dotcms.com Container Host: test1603151127970.dotcms.com</td>
<td>6.357s</td>
<td class="success">passed</td>
</tr>
<tr>
<td class="success">shouldRenderTemplateAndContainers page Host: test1603151110199.dotcms.com Template Host: test1603151127970.dotcms.com Container Host: default</td>
<td>4.101s</td>
<td class="success">passed</td>
</tr>
<tr>
<td class="success">shouldRenderTemplateAndContainers page Host: test1603151110199.dotcms.com Template Host: test1603151127970.dotcms.com Container Host: default</td>
<td>4.131s</td>
<td class="success">passed</td>
</tr>
<tr>
<td class="success">shouldRenderTemplateAndContainers page Host: test1603151110199.dotcms.com Template Host: test1603151127970.dotcms.com Container Host: default</td>
<td>6.256s</td>
<td class="success">passed</td>
</tr>
<tr>
<td class="success">shouldRenderTemplateAndContainers page Host: test1603151110199.dotcms.com Template Host: test1603151127970.dotcms.com Container Host: default</td>
<td>6.207s</td>
<td class="success">passed</td>
</tr>
<tr>
<td class="success">shouldRenderTemplateAndContainers page Host: test1603151110199.dotcms.com Template Host: test1603151127970.dotcms.com Container Host: test1603151127970.dotcms.com</td>
<td>4.151s</td>
<td class="success">passed</td>
</tr>
<tr>
<td class="success">shouldRenderTemplateAndContainers page Host: test1603151110199.dotcms.com Template Host: test1603151127970.dotcms.com Container Host: test1603151127970.dotcms.com</td>
<td>4.150s</td>
<td class="success">passed</td>
</tr>
<tr>
<td class="success">shouldRenderTemplateAndContainers page Host: test1603151110199.dotcms.com Template Host: test1603151127970.dotcms.com Container Host: test1603151127970.dotcms.com</td>
<td>7.141s</td>
<td class="success">passed</td>
</tr>
<tr>
<td class="success">shouldRenderTemplateAndContainers page Host: test1603151110199.dotcms.com Template Host: test1603151127970.dotcms.com Container Host: test1603151127970.dotcms.com</td>
<td>6.274s</td>
<td class="success">passed</td>
</tr>
<tr>
<td class="success">shouldReturnPageHTMLForLegacyUUIDAndMultiTree[0: com.dotmarketing.portlets.containers.model.Container@2a8f95cd[code=&lt;null&gt;,maxContentlets=5,useDiv=false,sortContentletsBy=&lt;null&gt;,preLoop=&lt;null&gt;,postLoop=&lt;null&gt;,staticify=false,luceneQuery=&lt;null&gt;,notes=&lt;null&gt;,source=DB,title=containerHTMLPageRenderedTest1603151123759,friendlyName=containerHTMLPageRenderedTest1603151123759,modDate=Mon Oct 19 23:45:23 GMT 2020,modUser=system,sortOrder=0,showOnMenu=false,iDate=Mon Oct 19 23:45:23 GMT 2020,type=containers,owner=system,inode=3391b49d-630f-434b-b5e6-59d61a5ae8a8,identifier=7880951e-060b-4ade-871a-0da0a3ffb429], com.dotmarketing.portlets.templates.model.Template@cb8794fc]</td>
<td>1.030s</td>
<td class="success">passed</td>
</tr>
<tr>
<td class="success">shouldReturnPageHTMLForLegacyUUIDAndMultiTree[1: com.dotmarketing.portlets.containers.model.FileAssetContainer@10278ba6[languageId=1,host=test1603151110199.dotcms.com,path=/application/containers/containerHTMLPageRenderedTest1603151124287/,code=&lt;null&gt;,maxContentlets=25,useDiv=false,sortContentletsBy=&lt;null&gt;,preLoop=&lt;null&gt;,postLoop=&lt;null&gt;,staticify=false,luceneQuery=&lt;null&gt;,notes=Medium Column:Blog,Events,Generic,Location,Media,News,Documents,Products,source=FILE,title=Test Container,friendlyName=container7532798903934035960,modDate=Mon Oct 19 23:45:24 GMT 2020,modUser=system,sortOrder=0,showOnMenu=false,iDate=Mon Oct 19 23:45:24 GMT 2020,type=containers,owner=system,inode=84358c96-672f-489b-94d1-dbb81ec00108,identifier=c39dd1fd-809d-4d54-894b-f953c4eb9fcb], com.dotmarketing.portlets.templates.model.Template@b6542210]</td>
<td>1.033s</td>
<td class="success">passed</td>
</tr>
<tr>
<td class="success">shouldReturnPageHTMLForLegacyUUID[0: com.dotmarketing.portlets.containers.model.Container@2a8f95cd[code=&lt;null&gt;,maxContentlets=5,useDiv=false,sortContentletsBy=&lt;null&gt;,preLoop=&lt;null&gt;,postLoop=&lt;null&gt;,staticify=false,luceneQuery=&lt;null&gt;,notes=&lt;null&gt;,source=DB,title=containerHTMLPageRenderedTest1603151123759,friendlyName=containerHTMLPageRenderedTest1603151123759,modDate=Mon Oct 19 23:45:23 GMT 2020,modUser=system,sortOrder=0,showOnMenu=false,iDate=Mon Oct 19 23:45:23 GMT 2020,type=containers,owner=system,inode=3391b49d-630f-434b-b5e6-59d61a5ae8a8,identifier=7880951e-060b-4ade-871a-0da0a3ffb429], com.dotmarketing.portlets.templates.model.Template@cb8794fc]</td>
<td>1.005s</td>
<td class="success">passed</td>
</tr>
<tr>
<td class="success">shouldReturnPageHTMLForLegacyUUID[1: com.dotmarketing.portlets.containers.model.FileAssetContainer@10278ba6[languageId=1,host=test1603151110199.dotcms.com,path=/application/containers/containerHTMLPageRenderedTest1603151124287/,code=&lt;null&gt;,maxContentlets=25,useDiv=false,sortContentletsBy=&lt;null&gt;,preLoop=&lt;null&gt;,postLoop=&lt;null&gt;,staticify=false,luceneQuery=&lt;null&gt;,notes=Medium Column:Blog,Events,Generic,Location,Media,News,Documents,Products,source=FILE,title=Test Container,friendlyName=container7532798903934035960,modDate=Mon Oct 19 23:45:24 GMT 2020,modUser=system,sortOrder=0,showOnMenu=false,iDate=Mon Oct 19 23:45:24 GMT 2020,type=containers,owner=system,inode=84358c96-672f-489b-94d1-dbb81ec00108,identifier=c39dd1fd-809d-4d54-894b-f953c4eb9fcb], com.dotmarketing.portlets.templates.model.Template@b6542210]</td>
<td>1.033s</td>
<td class="success">passed</td>
</tr>
<tr>
<td class="success">shouldReturnPageHTMLForPersona[0: com.dotmarketing.portlets.containers.model.Container@2a8f95cd[code=&lt;null&gt;,maxContentlets=5,useDiv=false,sortContentletsBy=&lt;null&gt;,preLoop=&lt;null&gt;,postLoop=&lt;null&gt;,staticify=false,luceneQuery=&lt;null&gt;,notes=&lt;null&gt;,source=DB,title=containerHTMLPageRenderedTest1603151123759,friendlyName=containerHTMLPageRenderedTest1603151123759,modDate=Mon Oct 19 23:45:23 GMT 2020,modUser=system,sortOrder=0,showOnMenu=false,iDate=Mon Oct 19 23:45:23 GMT 2020,type=containers,owner=system,inode=3391b49d-630f-434b-b5e6-59d61a5ae8a8,identifier=7880951e-060b-4ade-871a-0da0a3ffb429], com.dotmarketing.portlets.templates.model.Template@cb8794fc]</td>
<td>2.134s</td>
<td class="success">passed</td>
</tr>
<tr>
<td class="success">shouldReturnPageHTMLForPersona[1: com.dotmarketing.portlets.containers.model.FileAssetContainer@10278ba6[languageId=1,host=test1603151110199.dotcms.com,path=/application/containers/containerHTMLPageRenderedTest1603151124287/,code=&lt;null&gt;,maxContentlets=25,useDiv=false,sortContentletsBy=&lt;null&gt;,preLoop=&lt;null&gt;,postLoop=&lt;null&gt;,staticify=false,luceneQuery=&lt;null&gt;,notes=Medium Column:Blog,Events,Generic,Location,Media,News,Documents,Products,source=FILE,title=Test Container,friendlyName=container7532798903934035960,modDate=Mon Oct 19 23:45:24 GMT 2020,modUser=system,sortOrder=0,showOnMenu=false,iDate=Mon Oct 19 23:45:24 GMT 2020,type=containers,owner=system,inode=84358c96-672f-489b-94d1-dbb81ec00108,identifier=c39dd1fd-809d-4d54-894b-f953c4eb9fcb], com.dotmarketing.portlets.templates.model.Template@b6542210]</td>
<td>2.122s</td>
<td class="success">passed</td>
</tr>
<tr>
<td class="success">shouldReturnParserContainerUUID[0: com.dotmarketing.portlets.containers.model.Container@2a8f95cd[code=&lt;null&gt;,maxContentlets=5,useDiv=false,sortContentletsBy=&lt;null&gt;,preLoop=&lt;null&gt;,postLoop=&lt;null&gt;,staticify=false,luceneQuery=&lt;null&gt;,notes=&lt;null&gt;,source=DB,title=containerHTMLPageRenderedTest1603151123759,friendlyName=containerHTMLPageRenderedTest1603151123759,modDate=Mon Oct 19 23:45:23 GMT 2020,modUser=system,sortOrder=0,showOnMenu=false,iDate=Mon Oct 19 23:45:23 GMT 2020,type=containers,owner=system,inode=3391b49d-630f-434b-b5e6-59d61a5ae8a8,identifier=7880951e-060b-4ade-871a-0da0a3ffb429], com.dotmarketing.portlets.templates.model.Template@cb8794fc]</td>
<td>2.077s</td>
<td class="success">passed</td>
</tr>
<tr>
<td class="success">shouldReturnParserContainerUUID[1: com.dotmarketing.portlets.containers.model.FileAssetContainer@10278ba6[languageId=1,host=test1603151110199.dotcms.com,path=/application/containers/containerHTMLPageRenderedTest1603151124287/,code=&lt;null&gt;,maxContentlets=25,useDiv=false,sortContentletsBy=&lt;null&gt;,preLoop=&lt;null&gt;,postLoop=&lt;null&gt;,staticify=false,luceneQuery=&lt;null&gt;,notes=Medium Column:Blog,Events,Generic,Location,Media,News,Documents,Products,source=FILE,title=Test Container,friendlyName=container7532798903934035960,modDate=Mon Oct 19 23:45:24 GMT 2020,modUser=system,sortOrder=0,showOnMenu=false,iDate=Mon Oct 19 23:45:24 GMT 2020,type=containers,owner=system,inode=84358c96-672f-489b-94d1-dbb81ec00108,identifier=c39dd1fd-809d-4d54-894b-f953c4eb9fcb], com.dotmarketing.portlets.templates.model.Template@b6542210]</td>
<td>2.140s</td>
<td class="success">passed</td>
</tr>
<tr>
<td class="failures">test_WidgetPreExecuteCodeShowRegardlessPageMode[0: com.dotcms.rendering.velocity.services.HTMLPageAssetRenderedTest$WidgetPreExecuteCodeTestCase@7871619f]</td>
<td>0.483s</td>
<td class="failures">failed</td>
</tr>
<tr>
<td class="failures">test_WidgetPreExecuteCodeShowRegardlessPageMode[1: com.dotcms.rendering.velocity.services.HTMLPageAssetRenderedTest$WidgetPreExecuteCodeTestCase@53b87923]</td>
<td>0.455s</td>
<td class="failures">failed</td>
</tr>
<tr>
<td class="failures">test_WidgetPreExecuteCodeShowRegardlessPageMode[2: com.dotcms.rendering.velocity.services.HTMLPageAssetRenderedTest$WidgetPreExecuteCodeTestCase@73003655]</td>
<td>0.475s</td>
<td class="failures">failed</td>
</tr>
</table>
</div>
</div>
<div id="footer">
<p>
<div>
<label class="hidden" id="label-for-line-wrapping-toggle" for="line-wrapping-toggle">Wrap lines
<input id="line-wrapping-toggle" type="checkbox" autocomplete="off"/>
</label>
</div>Generated by 
<a href="http://www.gradle.org">Gradle 4.4.1</a> at Oct 20, 2020 1:20:14 AM</p>
</div>
</div>
</body>
</html>
